This is pdfTeX, Version 3.14159265-2.6-1.40.20 (MiKTeX 2.9.7250 64-bit) (preloaded format=pdflatex 2019.11.27)  7 MAY 2020 22:51
entering extended mode
**./fin_ni-p.tex
(fin_ni-p.tex
LaTeX2e <2019-10-01> patch level 3

("C:\Users\Dinara Sagatova\AppData\Local\Programs\MiKTeX 2.9\tex/latex/base\art
icle.cls"
Document Class: article 2019/10/25 v1.4k Standard LaTeX document class

("C:\Users\Dinara Sagatova\AppData\Local\Programs\MiKTeX 2.9\tex/latex/base\siz
e10.clo"
File: size10.clo 2019/10/25 v1.4k Standard LaTeX file (size option)
)
\c@part=\count80
\c@section=\count81
\c@subsection=\count82
\c@subsubsection=\count83
\c@paragraph=\count84
\c@subparagraph=\count85
\c@figure=\count86
\c@table=\count87
\abovecaptionskip=\skip41
\belowcaptionskip=\skip42
\bibindent=\dimen102
)
("C:\Users\Dinara Sagatova\AppData\Local\Programs\MiKTeX 2.9\tex/latex/extsizes
\extsizes.sty"
Package: extsizes 1996/10/08 v1.0 Non Standard LaTeX Package


Package ExtSizes Warning: It is better to use one of the extsizes classes,
 if you can.


("C:\Users\Dinara Sagatova\AppData\Local\Programs\MiKTeX 2.9\tex/latex/extsizes
\size9.clo"
File: size9.clo 1999/11/11 v1.4a NON-Standard LaTeX file (size option)
))
("C:\Users\Dinara Sagatova\AppData\Local\Programs\MiKTeX 2.9\tex/latex/natbib\n
atbib.sty"
Package: natbib 2010/09/13 8.31b (PWD, AO)
\bibhang=\skip43
\bibsep=\skip44
LaTeX Info: Redefining \cite on input line 694.
\c@NAT@ctr=\count88
)
("C:\Users\Dinara Sagatova\AppData\Local\Programs\MiKTeX 2.9\tex/latex/mhchem\m
hchem.sty"
Package: mhchem 2018/06/22 v4.08 for typesetting chemical formulae

("C:\Users\Dinara Sagatova\AppData\Local\Programs\MiKTeX 2.9\tex/latex/l3kernel
\expl3.sty"
Package: expl3 2020-03-06 L3 programming layer (loader) 

("C:\Users\Dinara Sagatova\AppData\Local\Programs\MiKTeX 2.9\tex/latex/l3kernel
\expl3-code.tex"
Package: expl3 2020-03-06 L3 programming layer (code)
\c_max_int=\count89
\l_tmpa_int=\count90
\l_tmpb_int=\count91
\g_tmpa_int=\count92
\g_tmpb_int=\count93
\l__seq_internal_a_int=\count94
\l__seq_internal_b_int=\count95
\g__kernel_prg_map_int=\count96
\c__ior_term_noprompt_ior=\count97
\c_log_iow=\count98
\l_iow_line_count_int=\count99
\l__iow_line_target_int=\count100
\l__iow_one_indent_int=\count101
\l__iow_indent_int=\count102
\c_zero_dim=\dimen103
\c_max_dim=\dimen104
\l_tmpa_dim=\dimen105
\l_tmpb_dim=\dimen106
\g_tmpa_dim=\dimen107
\g_tmpb_dim=\dimen108
\c_zero_skip=\skip45
\c_max_skip=\skip46
\l_tmpa_skip=\skip47
\l_tmpb_skip=\skip48
\g_tmpa_skip=\skip49
\g_tmpb_skip=\skip50
\c_zero_muskip=\muskip10
\c_max_muskip=\muskip11
\l_tmpa_muskip=\muskip12
\l_tmpb_muskip=\muskip13
\g_tmpa_muskip=\muskip14
\g_tmpb_muskip=\muskip15
\l_keys_choice_int=\count103
\l__intarray_loop_int=\count104
\c__intarray_sp_dim=\dimen109
\g__intarray_font_int=\count105
\c__fp_leading_shift_int=\count106
\c__fp_middle_shift_int=\count107
\c__fp_trailing_shift_int=\count108
\c__fp_big_leading_shift_int=\count109
\c__fp_big_middle_shift_int=\count110
\c__fp_big_trailing_shift_int=\count111
\c__fp_Bigg_leading_shift_int=\count112
\c__fp_Bigg_middle_shift_int=\count113
\c__fp_Bigg_trailing_shift_int=\count114
\c__kernel_randint_max_int=\count115
\g__fp_array_int=\count116
\l__fp_array_loop_int=\count117
\l__sort_length_int=\count118
\l__sort_min_int=\count119
\l__sort_top_int=\count120
\l__sort_max_int=\count121
\l__sort_true_max_int=\count122
\l__sort_block_int=\count123
\l__sort_begin_int=\count124
\l__sort_end_int=\count125
\l__sort_A_int=\count126
\l__sort_B_int=\count127
\l__sort_C_int=\count128
\l__str_internal_int=\count129
\c__str_replacement_char_int=\count130
\l__tl_analysis_normal_int=\count131
\l__tl_analysis_index_int=\count132
\l__tl_analysis_nesting_int=\count133
\l__tl_analysis_type_int=\count134
\l__regex_internal_a_int=\count135
\l__regex_internal_b_int=\count136
\l__regex_internal_c_int=\count137
\l__regex_balance_int=\count138
\l__regex_group_level_int=\count139
\l__regex_mode_int=\count140
\c__regex_cs_in_class_mode_int=\count141
\c__regex_cs_mode_int=\count142
\l__regex_catcodes_int=\count143
\l__regex_default_catcodes_int=\count144
\c__regex_catcode_D_int=\count145
\c__regex_catcode_S_int=\count146
\c__regex_catcode_L_int=\count147
\c__regex_catcode_O_int=\count148
\c__regex_catcode_A_int=\count149
\c__regex_all_catcodes_int=\count150
\l__regex_show_lines_int=\count151
\l__regex_min_state_int=\count152
\l__regex_max_state_int=\count153
\l__regex_left_state_int=\count154
\l__regex_right_state_int=\count155
\l__regex_capturing_group_int=\count156
\l__regex_min_pos_int=\count157
\l__regex_max_pos_int=\count158
\l__regex_curr_pos_int=\count159
\l__regex_start_pos_int=\count160
\l__regex_success_pos_int=\count161
\l__regex_curr_char_int=\count162
\l__regex_curr_catcode_int=\count163
\l__regex_last_char_int=\count164
\l__regex_case_changed_char_int=\count165
\l__regex_curr_state_int=\count166
\l__regex_step_int=\count167
\l__regex_min_active_int=\count168
\l__regex_max_active_int=\count169
\l__regex_replacement_csnames_int=\count170
\l__regex_match_count_int=\count171
\l__regex_min_submatch_int=\count172
\l__regex_submatch_int=\count173
\l__regex_zeroth_submatch_int=\count174
\g__regex_trace_regex_int=\count175
\c_empty_box=\box27
\l_tmpa_box=\box28
\l_tmpb_box=\box29
\g_tmpa_box=\box30
\g_tmpb_box=\box31
\l__box_top_dim=\dimen110
\l__box_bottom_dim=\dimen111
\l__box_left_dim=\dimen112
\l__box_right_dim=\dimen113
\l__box_top_new_dim=\dimen114
\l__box_bottom_new_dim=\dimen115
\l__box_left_new_dim=\dimen116
\l__box_right_new_dim=\dimen117
\l__box_internal_box=\box32
\l__coffin_internal_box=\box33
\l__coffin_internal_dim=\dimen118
\l__coffin_offset_x_dim=\dimen119
\l__coffin_offset_y_dim=\dimen120
\l__coffin_x_dim=\dimen121
\l__coffin_y_dim=\dimen122
\l__coffin_x_prime_dim=\dimen123
\l__coffin_y_prime_dim=\dimen124
\c_empty_coffin=\box34
\l__coffin_aligned_coffin=\box35
\l__coffin_aligned_internal_coffin=\box36
\l_tmpa_coffin=\box37
\l_tmpb_coffin=\box38
\g_tmpa_coffin=\box39
\g_tmpb_coffin=\box40
\l__coffin_bounding_shift_dim=\dimen125
\l__coffin_left_corner_dim=\dimen126
\l__coffin_right_corner_dim=\dimen127
\l__coffin_bottom_corner_dim=\dimen128
\l__coffin_top_corner_dim=\dimen129
\l__coffin_scaled_total_height_dim=\dimen130
\l__coffin_scaled_width_dim=\dimen131
\c__coffin_empty_coffin=\box41
\l__coffin_display_coffin=\box42
\l__coffin_display_coord_coffin=\box43
\l__coffin_display_pole_coffin=\box44
\l__coffin_display_offset_dim=\dimen132
\l__coffin_display_x_dim=\dimen133
\l__coffin_display_y_dim=\dimen134
\g__char_data_ior=\read1

("C:\Users\Dinara Sagatova\AppData\Local\Programs\MiKTeX 2.9\tex/latex/l3kernel
\l3deprecation.def"
File: l3deprecation.def 2019-04-06 v L3 Deprecated functions
))
("C:\Users\Dinara Sagatova\AppData\Local\Programs\MiKTeX 2.9\tex/latex/l3backen
d\l3backend-pdfmode.def"
File: l3backend-pdfmode.def 2020-03-12 L3 backend support: PDF mode
\l__kernel_color_stack_int=\count176
\l__pdf_internal_box=\box45
))
("C:\Users\Dinara Sagatova\AppData\Local\Programs\MiKTeX 2.9\tex/latex/l3packag
es/l3keys2e\l3keys2e.sty"
Package: l3keys2e 2020-03-06 LaTeX2e option processing using LaTeX3 keys
)
("C:\Users\Dinara Sagatova\AppData\Local\Programs\MiKTeX 2.9\tex/latex/tools\ca
lc.sty"
Package: calc 2017/05/25 v4.3 Infix arithmetic (KKT,FJ)
\calc@Acount=\count177
\calc@Bcount=\count178
\calc@Adimen=\dimen135
\calc@Bdimen=\dimen136
\calc@Askip=\skip51
\calc@Bskip=\skip52
LaTeX Info: Redefining \setlength on input line 80.
LaTeX Info: Redefining \addtolength on input line 81.
\calc@Ccount=\count179
\calc@Cskip=\skip53
)
("C:\Users\Dinara Sagatova\AppData\Local\Programs\MiKTeX 2.9\tex/latex/amsmath\
amsmath.sty"
Package: amsmath 2019/04/01 v2.17c AMS math features
\@mathmargin=\skip54

For additional information on amsmath, use the `?' option.

("C:\Users\Dinara Sagatova\AppData\Local\Programs\MiKTeX 2.9\tex/latex/amsmath\
amstext.sty"
Package: amstext 2000/06/29 v2.01 AMS text

("C:\Users\Dinara Sagatova\AppData\Local\Programs\MiKTeX 2.9\tex/latex/amsmath\
amsgen.sty"
File: amsgen.sty 1999/11/30 v2.0 generic functions
\@emptytoks=\toks14
\ex@=\dimen137
))
("C:\Users\Dinara Sagatova\AppData\Local\Programs\MiKTeX 2.9\tex/latex/amsmath\
amsbsy.sty"
Package: amsbsy 1999/11/29 v1.2d Bold Symbols
\pmbraise@=\dimen138
)
("C:\Users\Dinara Sagatova\AppData\Local\Programs\MiKTeX 2.9\tex/latex/amsmath\
amsopn.sty"
Package: amsopn 2016/03/08 v2.02 operator names
)
\inf@bad=\count180
LaTeX Info: Redefining \frac on input line 227.
\uproot@=\count181
\leftroot@=\count182
LaTeX Info: Redefining \overline on input line 389.
\classnum@=\count183
\DOTSCASE@=\count184
LaTeX Info: Redefining \ldots on input line 486.
LaTeX Info: Redefining \dots on input line 489.
LaTeX Info: Redefining \cdots on input line 610.
\Mathstrutbox@=\box46
\strutbox@=\box47
\big@size=\dimen139
LaTeX Font Info:    Redeclaring font encoding OML on input line 733.
LaTeX Font Info:    Redeclaring font encoding OMS on input line 734.
\macc@depth=\count185
\c@MaxMatrixCols=\count186
\dotsspace@=\muskip16
\c@parentequation=\count187
\dspbrk@lvl=\count188
\tag@help=\toks15
\row@=\count189
\column@=\count190
\maxfields@=\count191
\andhelp@=\toks16
\eqnshift@=\dimen140
\alignsep@=\dimen141
\tagshift@=\dimen142
\tagwidth@=\dimen143
\totwidth@=\dimen144
\lineht@=\dimen145
\@envbody=\toks17
\multlinegap=\skip55
\multlinetaggap=\skip56
\mathdisplay@stack=\toks18
LaTeX Info: Redefining \[ on input line 2855.
LaTeX Info: Redefining \] on input line 2856.
)
("C:\Users\Dinara Sagatova\AppData\Local\Programs\MiKTeX 2.9\tex/latex/chemgree
k\chemgreek.sty"
("C:\Users\Dinara Sagatova\AppData\Local\Programs\MiKTeX 2.9\tex/latex/l3packag
es/xparse\xparse.sty"
Package: xparse 2020-03-06 L3 Experimental document command parser
\l__xparse_current_arg_int=\count192
\g__xparse_grabber_int=\count193
\l__xparse_m_args_int=\count194
\l__xparse_v_nesting_int=\count195
)
Package: chemgreek 2020/01/16 v1.1a interface for upright Greek letters for use
 in chemistry (CN)
\l__chemgreek_tmpa_int=\count196
\g__chemgreek_tmpa_int=\count197
)
("C:\Users\Dinara Sagatova\AppData\Local\Programs\MiKTeX 2.9\tex/latex/graphics
\graphics.sty"
Package: graphics 2019/11/01 v1.3d Standard LaTeX Graphics (DPC,SPQR)

("C:\Users\Dinara Sagatova\AppData\Local\Programs\MiKTeX 2.9\tex/latex/graphics
\trig.sty"
Package: trig 2016/01/03 v1.10 sin cos tan (DPC)
)
("C:\Users\Dinara Sagatova\AppData\Local\Programs\MiKTeX 2.9\tex/latex/graphics
-cfg\graphics.cfg"
File: graphics.cfg 2016/06/04 v1.11 sample graphics configuration
)
Package graphics Info: Driver file: pdftex.def on input line 105.

("C:\Users\Dinara Sagatova\AppData\Local\Programs\MiKTeX 2.9\tex/latex/graphics
-def\pdftex.def"
File: pdftex.def 2018/01/08 v1.0l Graphics/color driver for pdftex
))
\l__mhchem_ce_distanceFromLastComma_int=\count198
\__mhchem_arrow_extPgfLength_skip=\skip57
\mhchem@minispace@tmp=\skip58
\mhchem@minibackspace@tmp=\skip59
\mhchem@bondwidth=\skip60
\mhchem@bondheight=\skip61
\mhchem@smallbondwidth@tmpA=\skip62
\mhchem@smallbondwidth@tmpB=\skip63
\mhchem@smallbondwidth=\skip64
\mhchem@bondtmp@minussidebearingleft=\skip65
\mhchem@bondtmp@minussidebearingright=\skip66
\l__mhchem_option_version_int=\count199
\mhchem@option@minusmathsidebearingleft=\dimen146
\mhchem@option@minusmathsidebearingright=\dimen147
\mhchem@option@minustextsidebearingleft=\dimen148
\mhchem@option@minustextsidebearingright=\dimen149
)
("C:\Users\Dinara Sagatova\AppData\Local\Programs\MiKTeX 2.9\tex/latex/geometry
\geometry.sty"
Package: geometry 2018/04/16 v5.8 Page Geometry

("C:\Users\Dinara Sagatova\AppData\Local\Programs\MiKTeX 2.9\tex/latex/graphics
\keyval.sty"
Package: keyval 2014/10/28 v1.15 key=value parser (DPC)
\KV@toks@=\toks19
)
("C:\Users\Dinara Sagatova\AppData\Local\Programs\MiKTeX 2.9\tex/generic/iftex\
ifpdf.sty"
Package: ifpdf 2019/10/25 v3.4 ifpdf legacy package. Use iftex instead.

("C:\Users\Dinara Sagatova\AppData\Local\Programs\MiKTeX 2.9\tex/generic/iftex\
iftex.sty"
Package: iftex 2019/11/07 v1.0c TeX engine tests
))
("C:\Users\Dinara Sagatova\AppData\Local\Programs\MiKTeX 2.9\tex/generic/iftex\
ifvtex.sty"
Package: ifvtex 2019/10/25 v1.7 ifvtex legacy package. Use iftex instead.
)
("C:\Users\Dinara Sagatova\AppData\Local\Programs\MiKTeX 2.9\tex/generic/iftex\
ifxetex.sty"
Package: ifxetex 2019/10/25 v0.7 ifxetex legacy package. Use iftex instead.
)
\Gm@cnth=\count266
\Gm@cntv=\count267
\c@Gm@tempcnt=\count268
\Gm@bindingoffset=\dimen150
\Gm@wd@mp=\dimen151
\Gm@odd@mp=\dimen152
\Gm@even@mp=\dimen153
\Gm@layoutwidth=\dimen154
\Gm@layoutheight=\dimen155
\Gm@layouthoffset=\dimen156
\Gm@layoutvoffset=\dimen157
\Gm@dimlist=\toks20

("C:\Users\Dinara Sagatova\AppData\Local\Programs\MiKTeX 2.9\tex/latex/geometry
\geometry.cfg"))
("C:\Users\Dinara Sagatova\AppData\Local\Programs\MiKTeX 2.9\tex/latex/preprint
\balance.sty"
Package: balance 1999/02/23 4.3 (PWD)
\oldvsize=\dimen158
)
("C:\Users\Dinara Sagatova\AppData\Local\Programs\MiKTeX 2.9\tex/latex/psnfss\m
athptmx.sty"
Package: mathptmx 2005/04/12 PSNFSS-v9.2a Times w/ Math, improved (SPQR, WaS) 
LaTeX Font Info:    Redeclaring symbol font `operators' on input line 28.
LaTeX Font Info:    Overwriting symbol font `operators' in version `normal'
(Font)                  OT1/cmr/m/n --> OT1/ztmcm/m/n on input line 28.
LaTeX Font Info:    Overwriting symbol font `operators' in version `bold'
(Font)                  OT1/cmr/bx/n --> OT1/ztmcm/m/n on input line 28.
LaTeX Font Info:    Redeclaring symbol font `letters' on input line 29.
LaTeX Font Info:    Overwriting symbol font `letters' in version `normal'
(Font)                  OML/cmm/m/it --> OML/ztmcm/m/it on input line 29.
LaTeX Font Info:    Overwriting symbol font `letters' in version `bold'
(Font)                  OML/cmm/b/it --> OML/ztmcm/m/it on input line 29.
LaTeX Font Info:    Redeclaring symbol font `symbols' on input line 30.
LaTeX Font Info:    Overwriting symbol font `symbols' in version `normal'
(Font)                  OMS/cmsy/m/n --> OMS/ztmcm/m/n on input line 30.
LaTeX Font Info:    Overwriting symbol font `symbols' in version `bold'
(Font)                  OMS/cmsy/b/n --> OMS/ztmcm/m/n on input line 30.
LaTeX Font Info:    Redeclaring symbol font `largesymbols' on input line 31.
LaTeX Font Info:    Overwriting symbol font `largesymbols' in version `normal'
(Font)                  OMX/cmex/m/n --> OMX/ztmcm/m/n on input line 31.
LaTeX Font Info:    Overwriting symbol font `largesymbols' in version `bold'
(Font)                  OMX/cmex/m/n --> OMX/ztmcm/m/n on input line 31.
\symbold=\mathgroup4
\symitalic=\mathgroup5
LaTeX Font Info:    Redeclaring math alphabet \mathbf on input line 34.
LaTeX Font Info:    Overwriting math alphabet `\mathbf' in version `normal'
(Font)                  OT1/cmr/bx/n --> OT1/ptm/bx/n on input line 34.
LaTeX Font Info:    Overwriting math alphabet `\mathbf' in version `bold'
(Font)                  OT1/cmr/bx/n --> OT1/ptm/bx/n on input line 34.
LaTeX Font Info:    Redeclaring math alphabet \mathit on input line 35.
LaTeX Font Info:    Overwriting math alphabet `\mathit' in version `normal'
(Font)                  OT1/cmr/m/it --> OT1/ptm/m/it on input line 35.
LaTeX Font Info:    Overwriting math alphabet `\mathit' in version `bold'
(Font)                  OT1/cmr/bx/it --> OT1/ptm/m/it on input line 35.
LaTeX Info: Redefining \hbar on input line 50.
)
("C:\Users\Dinara Sagatova\AppData\Local\Programs\MiKTeX 2.9\tex/latex/sectsty\
sectsty.sty"
Package: sectsty 2002/02/25 v2.0.2 Commands to change all sectional heading sty
les


LaTeX Warning: Command \underbar  has changed.
               Check if current package is valid.


LaTeX Warning: Command \underline  has changed.
               Check if current package is valid.

)
("C:\Users\Dinara Sagatova\AppData\Local\Programs\MiKTeX 2.9\tex/latex/graphics
\graphicx.sty"
Package: graphicx 2017/06/01 v1.1a Enhanced LaTeX Graphics (DPC,SPQR)
\Gin@req@height=\dimen159
\Gin@req@width=\dimen160
)
("C:\Users\Dinara Sagatova\AppData\Local\Programs\MiKTeX 2.9\tex/latex/lastpage
\lastpage.sty"
Package: lastpage 2015/03/29 v1.2m Refers to last page's name (HMM; JPG)
)
("C:\Users\Dinara Sagatova\AppData\Local\Programs\MiKTeX 2.9\tex/latex/caption\
caption.sty"
Package: caption 2020/01/03 v3.4h Customizing captions (AR)

("C:\Users\Dinara Sagatova\AppData\Local\Programs\MiKTeX 2.9\tex/latex/caption\
caption3.sty"
Package: caption3 2020/01/03 v1.8h caption3 kernel (AR)
Package caption3 Info: TeX engine: e-TeX on input line 61.
\captionmargin=\dimen161
\captionmargin@=\dimen162
\captionwidth=\dimen163
\caption@tempdima=\dimen164
\caption@indent=\dimen165
\caption@parindent=\dimen166
\caption@hangindent=\dimen167
Package caption Info: Standard document class detected.
)
\c@caption@flags=\count269
\c@continuedfloat=\count270
)
("C:\Users\Dinara Sagatova\AppData\Local\Programs\MiKTeX 2.9\tex/latex/float\fl
oat.sty"
Package: float 2001/11/08 v1.3d Float enhancements (AL)
\c@float@type=\count271
\float@exts=\toks21
\float@box=\box48
\@float@everytoks=\toks22
\@floatcapt=\box49
)
("C:\Users\Dinara Sagatova\AppData\Local\Programs\MiKTeX 2.9\tex/latex/fancyhdr
\fancyhdr.sty"
Package: fancyhdr 2019/01/31 v3.10 Extensive control of page headers and footer
s
\f@nch@headwidth=\skip67
\f@nch@O@elh=\skip68
\f@nch@O@erh=\skip69
\f@nch@O@olh=\skip70
\f@nch@O@orh=\skip71
\f@nch@O@elf=\skip72
\f@nch@O@erf=\skip73
\f@nch@O@olf=\skip74
\f@nch@O@orf=\skip75
)
("C:\Users\Dinara Sagatova\AppData\Local\Programs\MiKTeX 2.9\tex/latex/yafoot\f
npos.sty"
Package: fnpos 2018/09/03 v1.1 
)
("C:\Users\Dinara Sagatova\AppData\Local\Programs\MiKTeX 2.9\tex/latex/tools\ar
ray.sty"
Package: array 2019/08/31 v2.4l Tabular extension package (FMi)
\col@sep=\dimen168
\ar@mcellbox=\box50
\extrarowheight=\dimen169
\NC@list=\toks23
\extratabsurround=\skip76
\backup@length=\skip77
\ar@cellbox=\box51
)
("C:\Users\Dinara Sagatova\AppData\Local\Programs\MiKTeX 2.9\tex/latex/droid\dr
oidsans.sty"
Package: droidsans 2019/06/20 Style file for Droid Sans.

("C:\Users\Dinara Sagatova\AppData\Local\Programs\MiKTeX 2.9\tex/generic/iftex\
ifluatex.sty"
Package: ifluatex 2019/10/25 v1.5 ifluatex legacy package. Use iftex instead.
)
("C:\Users\Dinara Sagatova\AppData\Local\Programs\MiKTeX 2.9\tex/latex/xkeyval\
xkeyval.sty"
Package: xkeyval 2014/12/03 v2.7a package option processing (HA)

("C:\Users\Dinara Sagatova\AppData\Local\Programs\MiKTeX 2.9\tex/generic/xkeyva
l\xkeyval.tex"
("C:\Users\Dinara Sagatova\AppData\Local\Programs\MiKTeX 2.9\tex/generic/xkeyva
l\xkvutils.tex"
\XKV@toks=\toks24
\XKV@tempa@toks=\toks25
)
\XKV@depth=\count272
File: xkeyval.tex 2014/12/03 v2.7a key=value parser (HA)
)))
("C:\Users\Dinara Sagatova\AppData\Local\Programs\MiKTeX 2.9\tex/latex/psnfss\c
harter.sty"
Package: charter 2005/04/12 PSNFSS-v9.2a (P.Dyballa) 
)
("C:\Users\Dinara Sagatova\AppData\Local\Programs\MiKTeX 2.9\tex/latex/base\fon
tenc.sty"
Package: fontenc 2018/08/11 v2.0j Standard LaTeX package

("C:\Users\Dinara Sagatova\AppData\Local\Programs\MiKTeX 2.9\tex/latex/base\t1e
nc.def"
File: t1enc.def 2018/08/11 v2.0j Standard LaTeX file
LaTeX Font Info:    Redeclaring font encoding T1 on input line 48.
))
("C:\Users\Dinara Sagatova\AppData\Local\Programs\MiKTeX 2.9\tex/latex/xcolor\x
color.sty"
Package: xcolor 2016/05/11 v2.12 LaTeX color extensions (UK)

("C:\Users\Dinara Sagatova\AppData\Local\Programs\MiKTeX 2.9\tex/latex/graphics
-cfg\color.cfg"
File: color.cfg 2016/01/02 v1.6 sample color configuration
)
Package xcolor Info: Package option `usenames' ignored on input line 216.
Package xcolor Info: Driver file: pdftex.def on input line 225.
Package xcolor Info: Model `cmy' substituted by `cmy0' on input line 1348.
Package xcolor Info: Model `hsb' substituted by `rgb' on input line 1352.
Package xcolor Info: Model `RGB' extended on input line 1364.
Package xcolor Info: Model `HTML' substituted by `rgb' on input line 1366.
Package xcolor Info: Model `Hsb' substituted by `hsb' on input line 1367.
Package xcolor Info: Model `tHsb' substituted by `hsb' on input line 1368.
Package xcolor Info: Model `HSB' substituted by `hsb' on input line 1369.
Package xcolor Info: Model `Gray' substituted by `gray' on input line 1370.
Package xcolor Info: Model `wave' substituted by `hsb' on input line 1371.

("C:\Users\Dinara Sagatova\AppData\Local\Programs\MiKTeX 2.9\tex/latex/graphics
\dvipsnam.def"
File: dvipsnam.def 2016/06/17 v3.0m Driver-dependent file (DPC,SPQR)
))
("C:\Users\Dinara Sagatova\AppData\Local\Programs\MiKTeX 2.9\tex/latex/setspace
\setspace.sty"
Package: setspace 2011/12/19 v6.7a set line spacing
)
("C:\Users\Dinara Sagatova\AppData\Local\Programs\MiKTeX 2.9\tex/latex/titlesec
\titlesec.sty"
Package: titlesec 2019/10/16 v2.13 Sectioning titles
\ttl@box=\box52
\beforetitleunit=\skip78
\aftertitleunit=\skip79
\ttl@plus=\dimen170
\ttl@minus=\dimen171
\ttl@toksa=\toks26
\titlewidth=\dimen172
\titlewidthlast=\dimen173
\titlewidthfirst=\dimen174
)
("C:\Users\Dinara Sagatova\AppData\Local\Programs\MiKTeX 2.9\tex/latex/hyperref
\hyperref.sty"
Package: hyperref 2019/11/10 v7.00c Hypertext links for LaTeX

("C:\Users\Dinara Sagatova\AppData\Local\Programs\MiKTeX 2.9\tex/generic/oberdi
ek\ltxcmds.sty"
Package: ltxcmds 2016/05/16 v1.23 LaTeX kernel commands for general use (HO)
)
("C:\Users\Dinara Sagatova\AppData\Local\Programs\MiKTeX 2.9\tex/latex/pdftexcm
ds\pdftexcmds.sty"
Package: pdftexcmds 2019/11/24 v0.31 Utility functions of pdfTeX for LuaTeX (HO
)

("C:\Users\Dinara Sagatova\AppData\Local\Programs\MiKTeX 2.9\tex/generic/oberdi
ek\infwarerr.sty"
Package: infwarerr 2016/05/16 v1.4 Providing info/warning/error messages (HO)
)
Package pdftexcmds Info: \pdf@primitive is available.
Package pdftexcmds Info: \pdf@ifprimitive is available.
Package pdftexcmds Info: \pdfdraftmode found.
)
("C:\Users\Dinara Sagatova\AppData\Local\Programs\MiKTeX 2.9\tex/generic/oberdi
ek\kvsetkeys.sty"
Package: kvsetkeys 2016/05/16 v1.17 Key value parser (HO)

("C:\Users\Dinara Sagatova\AppData\Local\Programs\MiKTeX 2.9\tex/generic/oberdi
ek\etexcmds.sty"
Package: etexcmds 2016/05/16 v1.6 Avoid name clashes with e-TeX commands (HO)
))
("C:\Users\Dinara Sagatova\AppData\Local\Programs\MiKTeX 2.9\tex/generic/oberdi
ek\kvdefinekeys.sty"
Package: kvdefinekeys 2016/05/16 v1.4 Define keys (HO)
)
("C:\Users\Dinara Sagatova\AppData\Local\Programs\MiKTeX 2.9\tex/generic/oberdi
ek\pdfescape.sty"
Package: pdfescape 2016/05/16 v1.14 Implements pdfTeX's escape features (HO)
)
("C:\Users\Dinara Sagatova\AppData\Local\Programs\MiKTeX 2.9\tex/latex/oberdiek
\hycolor.sty"
Package: hycolor 2016/05/16 v1.8 Color options for hyperref/bookmark (HO)

("C:\Users\Dinara Sagatova\AppData\Local\Programs\MiKTeX 2.9\tex/latex/oberdiek
\xcolor-patch.sty"
Package: xcolor-patch 2016/05/16 xcolor patch

("C:\Users\Dinara Sagatova\AppData\Local\Programs\MiKTeX 2.9\tex/latex/oberdiek
\hopatch.sty"
Package: hopatch 2016/05/16 v1.3 Wrapper for package hooks (HO)
)))
("C:\Users\Dinara Sagatova\AppData\Local\Programs\MiKTeX 2.9\tex/latex/oberdiek
\letltxmacro.sty"
Package: letltxmacro 2016/05/16 v1.5 Let assignment for LaTeX macros (HO)
)
("C:\Users\Dinara Sagatova\AppData\Local\Programs\MiKTeX 2.9\tex/latex/oberdiek
\auxhook.sty"
Package: auxhook 2016/05/16 v1.4 Hooks for auxiliary files (HO)
)
("C:\Users\Dinara Sagatova\AppData\Local\Programs\MiKTeX 2.9\tex/latex/oberdiek
\kvoptions.sty"
Package: kvoptions 2016/05/16 v3.12 Key value format for package options (HO)
)
\@linkdim=\dimen175
\Hy@linkcounter=\count273
\Hy@pagecounter=\count274

("C:\Users\Dinara Sagatova\AppData\Local\Programs\MiKTeX 2.9\tex/latex/hyperref
\pd1enc.def"
File: pd1enc.def 2019/11/10 v7.00c Hyperref: PDFDocEncoding definition (HO)
Now handling font encoding PD1 ...
... no UTF-8 mapping file for font encoding PD1
)
("C:\Users\Dinara Sagatova\AppData\Local\Programs\MiKTeX 2.9\tex/generic/oberdi
ek\intcalc.sty"
Package: intcalc 2016/05/16 v1.2 Expandable calculations with integers (HO)
)
\Hy@SavedSpaceFactor=\count275

("C:\Users\Dinara Sagatova\AppData\Local\Programs\MiKTeX 2.9\tex/latex/00miktex
\hyperref.cfg"
File: hyperref.cfg 2002/06/06 v1.2 hyperref configuration of TeXLive
)
Package hyperref Info: Hyper figures OFF on input line 4535.
Package hyperref Info: Link nesting OFF on input line 4540.
Package hyperref Info: Hyper index ON on input line 4543.
Package hyperref Info: Plain pages OFF on input line 4550.
Package hyperref Info: Backreferencing OFF on input line 4555.
Package hyperref Info: Implicit mode ON; LaTeX internals redefined.
Package hyperref Info: Bookmarks ON on input line 4788.
\c@Hy@tempcnt=\count276

("C:\Users\Dinara Sagatova\AppData\Local\Programs\MiKTeX 2.9\tex/latex/url\url.
sty"
\Urlmuskip=\muskip17
Package: url 2013/09/16  ver 3.4  Verb mode for urls, etc.
)
LaTeX Info: Redefining \url on input line 5147.
\XeTeXLinkMargin=\dimen176

("C:\Users\Dinara Sagatova\AppData\Local\Programs\MiKTeX 2.9\tex/generic/oberdi
ek\bitset.sty"
Package: bitset 2016/05/16 v1.2 Handle bit-vector datatype (HO)

("C:\Users\Dinara Sagatova\AppData\Local\Programs\MiKTeX 2.9\tex/generic/oberdi
ek\bigintcalc.sty"
Package: bigintcalc 2016/05/16 v1.4 Expandable calculations on big integers (HO
)
))
\Fld@menulength=\count277
\Field@Width=\dimen177
\Fld@charsize=\dimen178
Package hyperref Info: Hyper figures OFF on input line 6418.
Package hyperref Info: Link nesting OFF on input line 6423.
Package hyperref Info: Hyper index ON on input line 6426.
Package hyperref Info: backreferencing OFF on input line 6433.
Package hyperref Info: Link coloring OFF on input line 6438.
Package hyperref Info: Link coloring with OCG OFF on input line 6443.
Package hyperref Info: PDF/A mode OFF on input line 6448.
LaTeX Info: Redefining \ref on input line 6488.
LaTeX Info: Redefining \pageref on input line 6492.

("C:\Users\Dinara Sagatova\AppData\Local\Programs\MiKTeX 2.9\tex/generic/oberdi
ek\atbegshi.sty"
Package: atbegshi 2016/06/09 v1.18 At begin shipout hook (HO)
)
\Hy@abspage=\count278
\c@Item=\count279
\c@Hfootnote=\count280
)
Package hyperref Info: Driver (autodetected): hpdftex.

("C:\Users\Dinara Sagatova\AppData\Local\Programs\MiKTeX 2.9\tex/latex/hyperref
\hpdftex.def"
File: hpdftex.def 2019/11/10 v7.00c Hyperref driver for pdfTeX

("C:\Users\Dinara Sagatova\AppData\Local\Programs\MiKTeX 2.9\tex/latex/oberdiek
\atveryend.sty"
Package: atveryend 2016/05/16 v1.9 Hooks at the very end of document (HO)
Package atveryend Info: \enddocument detected (standard20110627).
)
\Fld@listcount=\count281
\c@bookmark@seq@number=\count282

("C:\Users\Dinara Sagatova\AppData\Local\Programs\MiKTeX 2.9\tex/latex/oberdiek
\rerunfilecheck.sty"
Package: rerunfilecheck 2016/05/16 v1.8 Rerun checks for auxiliary files (HO)

("C:\Users\Dinara Sagatova\AppData\Local\Programs\MiKTeX 2.9\tex/generic/oberdi
ek\uniquecounter.sty"
Package: uniquecounter 2016/05/16 v1.3 Provide unlimited unique counter (HO)
)
Package uniquecounter Info: New unique counter `rerunfilecheck' on input line 2
82.
)
\Hy@SectionHShift=\skip80
)
("C:\Users\Dinara Sagatova\AppData\Local\Programs\MiKTeX 2.9\tex/latex/tools\lo
ngtable.sty"
Package: longtable 2019/02/06 v4.12 Multi-page Table package (DPC)
\LTleft=\skip81
\LTright=\skip82
\LTpre=\skip83
\LTpost=\skip84
\LTchunksize=\count283
\LTcapwidth=\dimen179
\LT@head=\box53
\LT@firsthead=\box54
\LT@foot=\box55
\LT@lastfoot=\box56
\LT@cols=\count284
\LT@rows=\count285
\c@LT@tables=\count286
\c@LT@chunks=\count287
\LT@p@ftn=\toks27
)
("C:\Users\Dinara Sagatova\AppData\Local\Programs\MiKTeX 2.9\tex/latex/supertab
ular\supertabular.sty"
Package: supertabular 2020/02/02 v4.1g the supertabular environment
\c@tracingst=\count288
\ST@wd=\dimen180
\ST@rightskip=\skip85
\ST@leftskip=\skip86
\ST@parfillskip=\skip87
\ST@pageleft=\dimen181
\ST@headht=\dimen182
\ST@tailht=\dimen183
\ST@pagesofar=\dimen184
\ST@pboxht=\dimen185
\ST@lineht=\dimen186
\ST@prevht=\dimen187
\ST@toadd=\dimen188
\ST@dimen=\dimen189
\ST@pbox=\box57
)
("C:\Users\Dinara Sagatova\AppData\Local\Programs\MiKTeX 2.9\tex/latex/booktabs
\booktabs.sty"
Package: booktabs 2020/01/12 v1.61803398 Publication quality tables
\heavyrulewidth=\dimen190
\lightrulewidth=\dimen191
\cmidrulewidth=\dimen192
\belowrulesep=\dimen193
\belowbottomsep=\dimen194
\aboverulesep=\dimen195
\abovetopsep=\dimen196
\cmidrulesep=\dimen197
\cmidrulekern=\dimen198
\defaultaddspace=\dimen199
\@cmidla=\count289
\@cmidlb=\count290
\@aboverulesep=\dimen256
\@belowrulesep=\dimen257
\@thisruleclass=\count291
\@lastruleclass=\count292
\@thisrulewidth=\dimen258
)
("C:\Users\Dinara Sagatova\AppData\Local\Programs\MiKTeX 2.9\tex/latex/base\fon
tenc.sty"
Package: fontenc 2018/08/11 v2.0j Standard LaTeX package

("C:\Users\Dinara Sagatova\AppData\Local\Programs\MiKTeX 2.9\tex/latex/cyrillic
\ot2enc.def"
File: ot2enc.def 2001/08/11 v3.3a Cyrillic encoding definition file
Now handling font encoding OT2 ...
... processing UTF-8 mapping file for font encoding OT2

("C:\Users\Dinara Sagatova\AppData\Local\Programs\MiKTeX 2.9\tex/latex/base\ot2
enc.dfu"
File: ot2enc.dfu 2019/07/11 v1.2j UTF-8 support for inputenc
   defining Unicode char U+00AB (decimal 171)
   defining Unicode char U+00BB (decimal 187)
   defining Unicode char U+0131 (decimal 305)
   defining Unicode char U+0237 (decimal 567)
   defining Unicode char U+0400 (decimal 1024)
   defining Unicode char U+0401 (decimal 1025)
   defining Unicode char U+0402 (decimal 1026)
   defining Unicode char U+0403 (decimal 1027)
   defining Unicode char U+0404 (decimal 1028)
   defining Unicode char U+0405 (decimal 1029)
   defining Unicode char U+0406 (decimal 1030)
   defining Unicode char U+0408 (decimal 1032)
   defining Unicode char U+0409 (decimal 1033)
   defining Unicode char U+040A (decimal 1034)
   defining Unicode char U+040B (decimal 1035)
   defining Unicode char U+040C (decimal 1036)
   defining Unicode char U+040D (decimal 1037)
   defining Unicode char U+040F (decimal 1039)
   defining Unicode char U+0410 (decimal 1040)
   defining Unicode char U+0411 (decimal 1041)
   defining Unicode char U+0412 (decimal 1042)
   defining Unicode char U+0413 (decimal 1043)
   defining Unicode char U+0414 (decimal 1044)
   defining Unicode char U+0415 (decimal 1045)
   defining Unicode char U+0416 (decimal 1046)
   defining Unicode char U+0417 (decimal 1047)
   defining Unicode char U+0418 (decimal 1048)
   defining Unicode char U+0419 (decimal 1049)
   defining Unicode char U+041A (decimal 1050)
   defining Unicode char U+041B (decimal 1051)
   defining Unicode char U+041C (decimal 1052)
   defining Unicode char U+041D (decimal 1053)
   defining Unicode char U+041E (decimal 1054)
   defining Unicode char U+041F (decimal 1055)
   defining Unicode char U+0420 (decimal 1056)
   defining Unicode char U+0421 (decimal 1057)
   defining Unicode char U+0422 (decimal 1058)
   defining Unicode char U+0423 (decimal 1059)
   defining Unicode char U+0424 (decimal 1060)
   defining Unicode char U+0425 (decimal 1061)
   defining Unicode char U+0426 (decimal 1062)
   defining Unicode char U+0427 (decimal 1063)
   defining Unicode char U+0428 (decimal 1064)
   defining Unicode char U+0429 (decimal 1065)
   defining Unicode char U+042A (decimal 1066)
   defining Unicode char U+042B (decimal 1067)
   defining Unicode char U+042C (decimal 1068)
   defining Unicode char U+042D (decimal 1069)
   defining Unicode char U+042E (decimal 1070)
   defining Unicode char U+042F (decimal 1071)
   defining Unicode char U+0430 (decimal 1072)
   defining Unicode char U+0431 (decimal 1073)
   defining Unicode char U+0432 (decimal 1074)
   defining Unicode char U+0433 (decimal 1075)
   defining Unicode char U+0434 (decimal 1076)
   defining Unicode char U+0435 (decimal 1077)
   defining Unicode char U+0436 (decimal 1078)
   defining Unicode char U+0437 (decimal 1079)
   defining Unicode char U+0438 (decimal 1080)
   defining Unicode char U+0439 (decimal 1081)
   defining Unicode char U+043A (decimal 1082)
   defining Unicode char U+043B (decimal 1083)
   defining Unicode char U+043C (decimal 1084)
   defining Unicode char U+043D (decimal 1085)
   defining Unicode char U+043E (decimal 1086)
   defining Unicode char U+043F (decimal 1087)
   defining Unicode char U+0440 (decimal 1088)
   defining Unicode char U+0441 (decimal 1089)
   defining Unicode char U+0442 (decimal 1090)
   defining Unicode char U+0443 (decimal 1091)
   defining Unicode char U+0444 (decimal 1092)
   defining Unicode char U+0445 (decimal 1093)
   defining Unicode char U+0446 (decimal 1094)
   defining Unicode char U+0447 (decimal 1095)
   defining Unicode char U+0448 (decimal 1096)
   defining Unicode char U+0449 (decimal 1097)
   defining Unicode char U+044A (decimal 1098)
   defining Unicode char U+044B (decimal 1099)
   defining Unicode char U+044C (decimal 1100)
   defining Unicode char U+044D (decimal 1101)
   defining Unicode char U+044E (decimal 1102)
   defining Unicode char U+044F (decimal 1103)
   defining Unicode char U+0450 (decimal 1104)
   defining Unicode char U+0451 (decimal 1105)
   defining Unicode char U+0452 (decimal 1106)
   defining Unicode char U+0453 (decimal 1107)
   defining Unicode char U+0454 (decimal 1108)
   defining Unicode char U+0455 (decimal 1109)
   defining Unicode char U+0456 (decimal 1110)
   defining Unicode char U+0458 (decimal 1112)
   defining Unicode char U+0459 (decimal 1113)
   defining Unicode char U+045A (decimal 1114)
   defining Unicode char U+045B (decimal 1115)
   defining Unicode char U+045C (decimal 1116)
   defining Unicode char U+045D (decimal 1117)
   defining Unicode char U+045F (decimal 1119)
   defining Unicode char U+0462 (decimal 1122)
   defining Unicode char U+0463 (decimal 1123)
   defining Unicode char U+0472 (decimal 1138)
   defining Unicode char U+0473 (decimal 1139)
   defining Unicode char U+0474 (decimal 1140)
   defining Unicode char U+0475 (decimal 1141)
   defining Unicode char U+04C1 (decimal 1217)
   defining Unicode char U+04C2 (decimal 1218)
   defining Unicode char U+04D0 (decimal 1232)
   defining Unicode char U+04D1 (decimal 1233)
   defining Unicode char U+04D2 (decimal 1234)
   defining Unicode char U+04D3 (decimal 1235)
   defining Unicode char U+04D6 (decimal 1238)
   defining Unicode char U+04D7 (decimal 1239)
   defining Unicode char U+04DC (decimal 1244)
   defining Unicode char U+04DD (decimal 1245)
   defining Unicode char U+04DE (decimal 1246)
   defining Unicode char U+04DF (decimal 1247)
   defining Unicode char U+04E2 (decimal 1250)
   defining Unicode char U+04E3 (decimal 1251)
   defining Unicode char U+04E4 (decimal 1252)
   defining Unicode char U+04E5 (decimal 1253)
   defining Unicode char U+04E6 (decimal 1254)
   defining Unicode char U+04E7 (decimal 1255)
   defining Unicode char U+04EC (decimal 1260)
   defining Unicode char U+04ED (decimal 1261)
   defining Unicode char U+04EE (decimal 1262)
   defining Unicode char U+04EF (decimal 1263)
   defining Unicode char U+04F0 (decimal 1264)
   defining Unicode char U+04F1 (decimal 1265)
   defining Unicode char U+04F2 (decimal 1266)
   defining Unicode char U+04F3 (decimal 1267)
   defining Unicode char U+04F4 (decimal 1268)
   defining Unicode char U+04F5 (decimal 1269)
   defining Unicode char U+04F8 (decimal 1272)
   defining Unicode char U+04F9 (decimal 1273)
   defining Unicode char U+2013 (decimal 8211)
   defining Unicode char U+2014 (decimal 8212)
   defining Unicode char U+2018 (decimal 8216)
   defining Unicode char U+2019 (decimal 8217)
   defining Unicode char U+201C (decimal 8220)
   defining Unicode char U+201D (decimal 8221)
   defining Unicode char U+2116 (decimal 8470)
))
("C:\Users\Dinara Sagatova\AppData\Local\Programs\MiKTeX 2.9\tex/latex/base\t1e
nc.def"
File: t1enc.def 2018/08/11 v2.0j Standard LaTeX file
LaTeX Font Info:    Redeclaring font encoding T1 on input line 48.
))
("C:\Users\Dinara Sagatova\AppData\Local\Programs\MiKTeX 2.9\tex/generic/babel\
babel.sty"
Package: babel 2019/10/15 3.35 The Babel package

("C:\Users\Dinara Sagatova\AppData\Local\Programs\MiKTeX 2.9\tex/generic/babel\
switch.def"
File: switch.def 2019/10/15 3.35 Babel switching mechanism
)
*************************************
* Local config file bblopts.cfg used
*

("C:\Users\Dinara Sagatova\AppData\Local\Programs\MiKTeX 2.9\tex/latex/arabi\bb
lopts.cfg"
File: bblopts.cfg 2005/09/08 v0.1 add Arabic and Farsi to "declared" options of
 babel
)
("C:\Users\Dinara Sagatova\AppData\Local\Programs\MiKTeX 2.9\tex/latex/babel-en
glish\english.ldf"
Language: english 2017/06/06 v3.3r English support from the babel system

("C:\Users\Dinara Sagatova\AppData\Local\Programs\MiKTeX 2.9\tex/generic/babel\
babel.def"
File: babel.def 2019/10/15 3.35 Babel common definitions
\babel@savecnt=\count293
\U@D=\dimen259

("C:\Users\Dinara Sagatova\AppData\Local\Programs\MiKTeX 2.9\tex/generic/babel\
txtbabel.def")
\bbl@dirlevel=\count294
)
\l@canadian = a dialect from \language\l@american 
\l@australian = a dialect from \language\l@british 
\l@newzealand = a dialect from \language\l@british 
))
("C:\Users\Dinara Sagatova\AppData\Local\Programs\MiKTeX 2.9\tex/latex/base\inp
utenc.sty"
Package: inputenc 2018/08/11 v1.3c Input encoding file
\inpenc@prehook=\toks28
\inpenc@posthook=\toks29
)
("C:\Users\Dinara Sagatova\AppData\Local\Programs\MiKTeX 2.9\tex/latex/base\fon
tenc.sty"
Package: fontenc 2018/08/11 v2.0j Standard LaTeX package

("C:\Users\Dinara Sagatova\AppData\Local\Programs\MiKTeX 2.9\tex/latex/cyrillic
\t2aenc.def"
File: t2aenc.def 2005/09/27 v1.0i Cyrillic encoding definition file
Now handling font encoding T2A ...
... processing UTF-8 mapping file for font encoding T2A

("C:\Users\Dinara Sagatova\AppData\Local\Programs\MiKTeX 2.9\tex/latex/base\t2a
enc.dfu"
File: t2aenc.dfu 2019/07/11 v1.2j UTF-8 support for inputenc
   defining Unicode char U+00A4 (decimal 164)
   defining Unicode char U+00A7 (decimal 167)
   defining Unicode char U+00AB (decimal 171)
   defining Unicode char U+00BB (decimal 187)
   defining Unicode char U+0131 (decimal 305)
   defining Unicode char U+0237 (decimal 567)
   defining Unicode char U+0400 (decimal 1024)
   defining Unicode char U+0401 (decimal 1025)
   defining Unicode char U+0402 (decimal 1026)
   defining Unicode char U+0403 (decimal 1027)
   defining Unicode char U+0404 (decimal 1028)
   defining Unicode char U+0405 (decimal 1029)
   defining Unicode char U+0406 (decimal 1030)
   defining Unicode char U+0407 (decimal 1031)
   defining Unicode char U+0408 (decimal 1032)
   defining Unicode char U+0409 (decimal 1033)
   defining Unicode char U+040A (decimal 1034)
   defining Unicode char U+040B (decimal 1035)
   defining Unicode char U+040C (decimal 1036)
   defining Unicode char U+040D (decimal 1037)
   defining Unicode char U+040E (decimal 1038)
   defining Unicode char U+040F (decimal 1039)
   defining Unicode char U+0410 (decimal 1040)
   defining Unicode char U+0411 (decimal 1041)
   defining Unicode char U+0412 (decimal 1042)
   defining Unicode char U+0413 (decimal 1043)
   defining Unicode char U+0414 (decimal 1044)
   defining Unicode char U+0415 (decimal 1045)
   defining Unicode char U+0416 (decimal 1046)
   defining Unicode char U+0417 (decimal 1047)
   defining Unicode char U+0418 (decimal 1048)
   defining Unicode char U+0419 (decimal 1049)
   defining Unicode char U+041A (decimal 1050)
   defining Unicode char U+041B (decimal 1051)
   defining Unicode char U+041C (decimal 1052)
   defining Unicode char U+041D (decimal 1053)
   defining Unicode char U+041E (decimal 1054)
   defining Unicode char U+041F (decimal 1055)
   defining Unicode char U+0420 (decimal 1056)
   defining Unicode char U+0421 (decimal 1057)
   defining Unicode char U+0422 (decimal 1058)
   defining Unicode char U+0423 (decimal 1059)
   defining Unicode char U+0424 (decimal 1060)
   defining Unicode char U+0425 (decimal 1061)
   defining Unicode char U+0426 (decimal 1062)
   defining Unicode char U+0427 (decimal 1063)
   defining Unicode char U+0428 (decimal 1064)
   defining Unicode char U+0429 (decimal 1065)
   defining Unicode char U+042A (decimal 1066)
   defining Unicode char U+042B (decimal 1067)
   defining Unicode char U+042C (decimal 1068)
   defining Unicode char U+042D (decimal 1069)
   defining Unicode char U+042E (decimal 1070)
   defining Unicode char U+042F (decimal 1071)
   defining Unicode char U+0430 (decimal 1072)
   defining Unicode char U+0431 (decimal 1073)
   defining Unicode char U+0432 (decimal 1074)
   defining Unicode char U+0433 (decimal 1075)
   defining Unicode char U+0434 (decimal 1076)
   defining Unicode char U+0435 (decimal 1077)
   defining Unicode char U+0436 (decimal 1078)
   defining Unicode char U+0437 (decimal 1079)
   defining Unicode char U+0438 (decimal 1080)
   defining Unicode char U+0439 (decimal 1081)
   defining Unicode char U+043A (decimal 1082)
   defining Unicode char U+043B (decimal 1083)
   defining Unicode char U+043C (decimal 1084)
   defining Unicode char U+043D (decimal 1085)
   defining Unicode char U+043E (decimal 1086)
   defining Unicode char U+043F (decimal 1087)
   defining Unicode char U+0440 (decimal 1088)
   defining Unicode char U+0441 (decimal 1089)
   defining Unicode char U+0442 (decimal 1090)
   defining Unicode char U+0443 (decimal 1091)
   defining Unicode char U+0444 (decimal 1092)
   defining Unicode char U+0445 (decimal 1093)
   defining Unicode char U+0446 (decimal 1094)
   defining Unicode char U+0447 (decimal 1095)
   defining Unicode char U+0448 (decimal 1096)
   defining Unicode char U+0449 (decimal 1097)
   defining Unicode char U+044A (decimal 1098)
   defining Unicode char U+044B (decimal 1099)
   defining Unicode char U+044C (decimal 1100)
   defining Unicode char U+044D (decimal 1101)
   defining Unicode char U+044E (decimal 1102)
   defining Unicode char U+044F (decimal 1103)
   defining Unicode char U+0450 (decimal 1104)
   defining Unicode char U+0451 (decimal 1105)
   defining Unicode char U+0452 (decimal 1106)
   defining Unicode char U+0453 (decimal 1107)
   defining Unicode char U+0454 (decimal 1108)
   defining Unicode char U+0455 (decimal 1109)
   defining Unicode char U+0456 (decimal 1110)
   defining Unicode char U+0457 (decimal 1111)
   defining Unicode char U+0458 (decimal 1112)
   defining Unicode char U+0459 (decimal 1113)
   defining Unicode char U+045A (decimal 1114)
   defining Unicode char U+045B (decimal 1115)
   defining Unicode char U+045C (decimal 1116)
   defining Unicode char U+045D (decimal 1117)
   defining Unicode char U+045E (decimal 1118)
   defining Unicode char U+045F (decimal 1119)
   defining Unicode char U+0490 (decimal 1168)
   defining Unicode char U+0491 (decimal 1169)
   defining Unicode char U+0492 (decimal 1170)
   defining Unicode char U+0493 (decimal 1171)
   defining Unicode char U+0496 (decimal 1174)
   defining Unicode char U+0497 (decimal 1175)
   defining Unicode char U+0498 (decimal 1176)
   defining Unicode char U+0499 (decimal 1177)
   defining Unicode char U+049A (decimal 1178)
   defining Unicode char U+049B (decimal 1179)
   defining Unicode char U+049C (decimal 1180)
   defining Unicode char U+049D (decimal 1181)
   defining Unicode char U+04A0 (decimal 1184)
   defining Unicode char U+04A1 (decimal 1185)
   defining Unicode char U+04A2 (decimal 1186)
   defining Unicode char U+04A3 (decimal 1187)
   defining Unicode char U+04A4 (decimal 1188)
   defining Unicode char U+04A5 (decimal 1189)
   defining Unicode char U+04AA (decimal 1194)
   defining Unicode char U+04AB (decimal 1195)
   defining Unicode char U+04AE (decimal 1198)
   defining Unicode char U+04AF (decimal 1199)
   defining Unicode char U+04B0 (decimal 1200)
   defining Unicode char U+04B1 (decimal 1201)
   defining Unicode char U+04B2 (decimal 1202)
   defining Unicode char U+04B3 (decimal 1203)
   defining Unicode char U+04B6 (decimal 1206)
   defining Unicode char U+04B7 (decimal 1207)
   defining Unicode char U+04B8 (decimal 1208)
   defining Unicode char U+04B9 (decimal 1209)
   defining Unicode char U+04BA (decimal 1210)
   defining Unicode char U+04BB (decimal 1211)
   defining Unicode char U+04C0 (decimal 1216)
   defining Unicode char U+04C1 (decimal 1217)
   defining Unicode char U+04C2 (decimal 1218)
   defining Unicode char U+04D0 (decimal 1232)
   defining Unicode char U+04D1 (decimal 1233)
   defining Unicode char U+04D2 (decimal 1234)
   defining Unicode char U+04D3 (decimal 1235)
   defining Unicode char U+04D4 (decimal 1236)
   defining Unicode char U+04D5 (decimal 1237)
   defining Unicode char U+04D6 (decimal 1238)
   defining Unicode char U+04D7 (decimal 1239)
   defining Unicode char U+04D8 (decimal 1240)
   defining Unicode char U+04D9 (decimal 1241)
   defining Unicode char U+04DA (decimal 1242)
   defining Unicode char U+04DB (decimal 1243)
   defining Unicode char U+04DC (decimal 1244)
   defining Unicode char U+04DD (decimal 1245)
   defining Unicode char U+04DE (decimal 1246)
   defining Unicode char U+04DF (decimal 1247)
   defining Unicode char U+04E2 (decimal 1250)
   defining Unicode char U+04E3 (decimal 1251)
   defining Unicode char U+04E4 (decimal 1252)
   defining Unicode char U+04E5 (decimal 1253)
   defining Unicode char U+04E6 (decimal 1254)
   defining Unicode char U+04E7 (decimal 1255)
   defining Unicode char U+04E8 (decimal 1256)
   defining Unicode char U+04E9 (decimal 1257)
   defining Unicode char U+04EC (decimal 1260)
   defining Unicode char U+04ED (decimal 1261)
   defining Unicode char U+04EE (decimal 1262)
   defining Unicode char U+04EF (decimal 1263)
   defining Unicode char U+04F0 (decimal 1264)
   defining Unicode char U+04F1 (decimal 1265)
   defining Unicode char U+04F2 (decimal 1266)
   defining Unicode char U+04F3 (decimal 1267)
   defining Unicode char U+04F4 (decimal 1268)
   defining Unicode char U+04F5 (decimal 1269)
   defining Unicode char U+04F8 (decimal 1272)
   defining Unicode char U+04F9 (decimal 1273)
   defining Unicode char U+200C (decimal 8204)
   defining Unicode char U+2013 (decimal 8211)
   defining Unicode char U+2014 (decimal 8212)
   defining Unicode char U+2018 (decimal 8216)
   defining Unicode char U+2019 (decimal 8217)
   defining Unicode char U+201C (decimal 8220)
   defining Unicode char U+201D (decimal 8221)
   defining Unicode char U+201E (decimal 8222)
   defining Unicode char U+2030 (decimal 8240)
   defining Unicode char U+2031 (decimal 8241)
   defining Unicode char U+2116 (decimal 8470)
   defining Unicode char U+2329 (decimal 9001)
   defining Unicode char U+232A (decimal 9002)
   defining Unicode char U+2423 (decimal 9251)
   defining Unicode char U+27E8 (decimal 10216)
   defining Unicode char U+27E9 (decimal 10217)
   defining Unicode char U+FB00 (decimal 64256)
   defining Unicode char U+FB01 (decimal 64257)
   defining Unicode char U+FB02 (decimal 64258)
   defining Unicode char U+FB03 (decimal 64259)
   defining Unicode char U+FB04 (decimal 64260)
   defining Unicode char U+FB05 (decimal 64261)
   defining Unicode char U+FB06 (decimal 64262)
))
LaTeX Font Info:    Trying to load font information for T2A+cmr on input line 1
05.

("C:\Users\Dinara Sagatova\AppData\Local\Programs\MiKTeX 2.9\tex/latex/cyrillic
\t2acmr.fd"
File: t2acmr.fd 2001/08/11 v1.0a Computer Modern Cyrillic font definitions
))
("C:\Users\Dinara Sagatova\AppData\Local\Programs\MiKTeX 2.9\tex/latex/oberdiek
\epstopdf.sty"
Package: epstopdf 2016/05/15 v2.6 Conversion with epstopdf on the fly (HO)

("C:\Users\Dinara Sagatova\AppData\Local\Programs\MiKTeX 2.9\tex/latex/oberdiek
\epstopdf-base.sty"
Package: epstopdf-base 2016/05/15 v2.6 Base part for package epstopdf

("C:\Users\Dinara Sagatova\AppData\Local\Programs\MiKTeX 2.9\tex/latex/oberdiek
\grfext.sty"
Package: grfext 2016/05/16 v1.2 Manage graphics extensions (HO)
)
Package epstopdf-base Info: Redefining graphics rule for `.eps' on input line 4
38.
Package grfext Info: Graphics extension search list:
(grfext)             [.pdf,.png,.jpg,.mps,.jpeg,.jbig2,.jb2,.PDF,.PNG,.JPG,.JPE
G,.JBIG2,.JB2,.eps]
(grfext)             \AppendGraphicsExtensions on input line 456.
))
("C:\Users\Dinara Sagatova\AppData\Local\Programs\MiKTeX 2.9\tex/latex/changes\
changes.sty"
Package: changes 2019/11/17 v3.2.1 changes package

*** changes package 2019/11/17 v3.2.1 ***

("C:\Users\Dinara Sagatova\AppData\Local\Programs\MiKTeX 2.9\tex/latex/xifthen\
xifthen.sty"
Package: xifthen 2015/11/05 v1.4.0 Extended ifthen features

("C:\Users\Dinara Sagatova\AppData\Local\Programs\MiKTeX 2.9\tex/latex/base\ift
hen.sty"
Package: ifthen 2014/09/29 v1.1c Standard LaTeX ifthen package (DPC)
)
("C:\Users\Dinara Sagatova\AppData\Local\Programs\MiKTeX 2.9\tex/latex/ifmtarg\
ifmtarg.sty"
Package: ifmtarg 2018/04/16 v1.2b check for an empty argument
))
("C:\Users\Dinara Sagatova\AppData\Local\Programs\MiKTeX 2.9\tex/latex/xstring\
xstring.sty"
("C:\Users\Dinara Sagatova\AppData\Local\Programs\MiKTeX 2.9\tex/generic/xstrin
g\xstring.tex"
\integerpart=\count295
\decimalpart=\count296
)
Package: xstring 2019/02/06 v1.83 String manipulations (CT)
)
ulem-option 'normalem,normalbf', passed to package ulem
truncate-option 'breakall,fit', passed to package truncate

("C:\Users\Dinara Sagatova\AppData\Local\Programs\MiKTeX 2.9\tex/latex/ulem\ule
m.sty"
\UL@box=\box58
\UL@hyphenbox=\box59
\UL@skip=\skip88
\UL@hook=\toks30
\UL@height=\dimen260
\UL@pe=\count297
\UL@pixel=\dimen261
\ULC@box=\box60
Package: ulem 2019/11/18
\ULdepth=\dimen262
)
("C:\Users\Dinara Sagatova\AppData\Local\Programs\MiKTeX 2.9\tex/latex/todonote
s\todonotes.sty"
Package: todonotes 2019/01/24 v1.1.2 Todonotes source and documentation.
Package: todonotes 2018/11/22

("C:\Users\Dinara Sagatova\AppData\Local\Programs\MiKTeX 2.9\tex/latex/pgf/fron
tendlayer\tikz.sty"
("C:\Users\Dinara Sagatova\AppData\Local\Programs\MiKTeX 2.9\tex/latex/pgf/basi
clayer\pgf.sty"
("C:\Users\Dinara Sagatova\AppData\Local\Programs\MiKTeX 2.9\tex/latex/pgf/util
ities\pgfrcs.sty"
("C:\Users\Dinara Sagatova\AppData\Local\Programs\MiKTeX 2.9\tex/generic/pgf/ut
ilities\pgfutil-common.tex"
\pgfutil@everybye=\toks31
\pgfutil@tempdima=\dimen263
\pgfutil@tempdimb=\dimen264

("C:\Users\Dinara Sagatova\AppData\Local\Programs\MiKTeX 2.9\tex/generic/pgf/ut
ilities\pgfutil-common-lists.tex"))
("C:\Users\Dinara Sagatova\AppData\Local\Programs\MiKTeX 2.9\tex/generic/pgf/ut
ilities\pgfutil-latex.def"
\pgfutil@abb=\box61

("C:\Users\Dinara Sagatova\AppData\Local\Programs\MiKTeX 2.9\tex/latex/ms\every
shi.sty"
Package: everyshi 2001/05/15 v3.00 EveryShipout Package (MS)
))
("C:\Users\Dinara Sagatova\AppData\Local\Programs\MiKTeX 2.9\tex/generic/pgf/ut
ilities\pgfrcs.code.tex"
("C:\Users\Dinara Sagatova\AppData\Local\Programs\MiKTeX 2.9\tex/generic/pgf\pg
f.revision.tex")
Package: pgfrcs 2020/01/08 v3.1.5b (3.1.5b)
))
Package: pgf 2020/01/08 v3.1.5b (3.1.5b)

("C:\Users\Dinara Sagatova\AppData\Local\Programs\MiKTeX 2.9\tex/latex/pgf/basi
clayer\pgfcore.sty"
("C:\Users\Dinara Sagatova\AppData\Local\Programs\MiKTeX 2.9\tex/latex/pgf/syst
emlayer\pgfsys.sty"
("C:\Users\Dinara Sagatova\AppData\Local\Programs\MiKTeX 2.9\tex/generic/pgf/sy
stemlayer\pgfsys.code.tex"
Package: pgfsys 2020/01/08 v3.1.5b (3.1.5b)

("C:\Users\Dinara Sagatova\AppData\Local\Programs\MiKTeX 2.9\tex/generic/pgf/ut
ilities\pgfkeys.code.tex"
\pgfkeys@pathtoks=\toks32
\pgfkeys@temptoks=\toks33

("C:\Users\Dinara Sagatova\AppData\Local\Programs\MiKTeX 2.9\tex/generic/pgf/ut
ilities\pgfkeysfiltered.code.tex"
\pgfkeys@tmptoks=\toks34
))
\pgf@x=\dimen265
\pgf@y=\dimen266
\pgf@xa=\dimen267
\pgf@ya=\dimen268
\pgf@xb=\dimen269
\pgf@yb=\dimen270
\pgf@xc=\dimen271
\pgf@yc=\dimen272
\pgf@xd=\dimen273
\pgf@yd=\dimen274
\w@pgf@writea=\write3
\r@pgf@reada=\read2
\c@pgf@counta=\count298
\c@pgf@countb=\count299
\c@pgf@countc=\count300
\c@pgf@countd=\count301
\t@pgf@toka=\toks35
\t@pgf@tokb=\toks36
\t@pgf@tokc=\toks37
\pgf@sys@id@count=\count302

("C:\Users\Dinara Sagatova\AppData\Local\Programs\MiKTeX 2.9\tex/generic/pgf/sy
stemlayer\pgf.cfg"
File: pgf.cfg 2020/01/08 v3.1.5b (3.1.5b)
)
Driver file for pgf: pgfsys-pdftex.def

("C:\Users\Dinara Sagatova\AppData\Local\Programs\MiKTeX 2.9\tex/generic/pgf/sy
stemlayer\pgfsys-pdftex.def"
File: pgfsys-pdftex.def 2020/01/08 v3.1.5b (3.1.5b)

("C:\Users\Dinara Sagatova\AppData\Local\Programs\MiKTeX 2.9\tex/generic/pgf/sy
stemlayer\pgfsys-common-pdf.def"
File: pgfsys-common-pdf.def 2020/01/08 v3.1.5b (3.1.5b)
)))
("C:\Users\Dinara Sagatova\AppData\Local\Programs\MiKTeX 2.9\tex/generic/pgf/sy
stemlayer\pgfsyssoftpath.code.tex"
File: pgfsyssoftpath.code.tex 2020/01/08 v3.1.5b (3.1.5b)
\pgfsyssoftpath@smallbuffer@items=\count303
\pgfsyssoftpath@bigbuffer@items=\count304
)
("C:\Users\Dinara Sagatova\AppData\Local\Programs\MiKTeX 2.9\tex/generic/pgf/sy
stemlayer\pgfsysprotocol.code.tex"
File: pgfsysprotocol.code.tex 2020/01/08 v3.1.5b (3.1.5b)
))
("C:\Users\Dinara Sagatova\AppData\Local\Programs\MiKTeX 2.9\tex/generic/pgf/ba
siclayer\pgfcore.code.tex"
Package: pgfcore 2020/01/08 v3.1.5b (3.1.5b)

("C:\Users\Dinara Sagatova\AppData\Local\Programs\MiKTeX 2.9\tex/generic/pgf/ma
th\pgfmath.code.tex"
("C:\Users\Dinara Sagatova\AppData\Local\Programs\MiKTeX 2.9\tex/generic/pgf/ma
th\pgfmathcalc.code.tex"
("C:\Users\Dinara Sagatova\AppData\Local\Programs\MiKTeX 2.9\tex/generic/pgf/ma
th\pgfmathutil.code.tex")
("C:\Users\Dinara Sagatova\AppData\Local\Programs\MiKTeX 2.9\tex/generic/pgf/ma
th\pgfmathparser.code.tex"
\pgfmath@dimen=\dimen275
\pgfmath@count=\count305
\pgfmath@box=\box62
\pgfmath@toks=\toks38
\pgfmath@stack@operand=\toks39
\pgfmath@stack@operation=\toks40
)
("C:\Users\Dinara Sagatova\AppData\Local\Programs\MiKTeX 2.9\tex/generic/pgf/ma
th\pgfmathfunctions.code.tex"
("C:\Users\Dinara Sagatova\AppData\Local\Programs\MiKTeX 2.9\tex/generic/pgf/ma
th\pgfmathfunctions.basic.code.tex")
("C:\Users\Dinara Sagatova\AppData\Local\Programs\MiKTeX 2.9\tex/generic/pgf/ma
th\pgfmathfunctions.trigonometric.code.tex")
("C:\Users\Dinara Sagatova\AppData\Local\Programs\MiKTeX 2.9\tex/generic/pgf/ma
th\pgfmathfunctions.random.code.tex")
("C:\Users\Dinara Sagatova\AppData\Local\Programs\MiKTeX 2.9\tex/generic/pgf/ma
th\pgfmathfunctions.comparison.code.tex")
("C:\Users\Dinara Sagatova\AppData\Local\Programs\MiKTeX 2.9\tex/generic/pgf/ma
th\pgfmathfunctions.base.code.tex")
("C:\Users\Dinara Sagatova\AppData\Local\Programs\MiKTeX 2.9\tex/generic/pgf/ma
th\pgfmathfunctions.round.code.tex")
("C:\Users\Dinara Sagatova\AppData\Local\Programs\MiKTeX 2.9\tex/generic/pgf/ma
th\pgfmathfunctions.misc.code.tex")
("C:\Users\Dinara Sagatova\AppData\Local\Programs\MiKTeX 2.9\tex/generic/pgf/ma
th\pgfmathfunctions.integerarithmetics.code.tex")))
("C:\Users\Dinara Sagatova\AppData\Local\Programs\MiKTeX 2.9\tex/generic/pgf/ma
th\pgfmathfloat.code.tex"
\c@pgfmathroundto@lastzeros=\count306
))
("C:\Users\Dinara Sagatova\AppData\Local\Programs\MiKTeX 2.9\tex/generic/pgf/ma
th\pgfint.code.tex")
("C:\Users\Dinara Sagatova\AppData\Local\Programs\MiKTeX 2.9\tex/generic/pgf/ba
siclayer\pgfcorepoints.code.tex"
File: pgfcorepoints.code.tex 2020/01/08 v3.1.5b (3.1.5b)
\pgf@picminx=\dimen276
\pgf@picmaxx=\dimen277
\pgf@picminy=\dimen278
\pgf@picmaxy=\dimen279
\pgf@pathminx=\dimen280
\pgf@pathmaxx=\dimen281
\pgf@pathminy=\dimen282
\pgf@pathmaxy=\dimen283
\pgf@xx=\dimen284
\pgf@xy=\dimen285
\pgf@yx=\dimen286
\pgf@yy=\dimen287
\pgf@zx=\dimen288
\pgf@zy=\dimen289
)
("C:\Users\Dinara Sagatova\AppData\Local\Programs\MiKTeX 2.9\tex/generic/pgf/ba
siclayer\pgfcorepathconstruct.code.tex"
File: pgfcorepathconstruct.code.tex 2020/01/08 v3.1.5b (3.1.5b)
\pgf@path@lastx=\dimen290
\pgf@path@lasty=\dimen291
)
("C:\Users\Dinara Sagatova\AppData\Local\Programs\MiKTeX 2.9\tex/generic/pgf/ba
siclayer\pgfcorepathusage.code.tex"
File: pgfcorepathusage.code.tex 2020/01/08 v3.1.5b (3.1.5b)
\pgf@shorten@end@additional=\dimen292
\pgf@shorten@start@additional=\dimen293
)
("C:\Users\Dinara Sagatova\AppData\Local\Programs\MiKTeX 2.9\tex/generic/pgf/ba
siclayer\pgfcorescopes.code.tex"
File: pgfcorescopes.code.tex 2020/01/08 v3.1.5b (3.1.5b)
\pgfpic=\box63
\pgf@hbox=\box64
\pgf@layerbox@main=\box65
\pgf@picture@serial@count=\count307
)
("C:\Users\Dinara Sagatova\AppData\Local\Programs\MiKTeX 2.9\tex/generic/pgf/ba
siclayer\pgfcoregraphicstate.code.tex"
File: pgfcoregraphicstate.code.tex 2020/01/08 v3.1.5b (3.1.5b)
\pgflinewidth=\dimen294
)
("C:\Users\Dinara Sagatova\AppData\Local\Programs\MiKTeX 2.9\tex/generic/pgf/ba
siclayer\pgfcoretransformations.code.tex"
File: pgfcoretransformations.code.tex 2020/01/08 v3.1.5b (3.1.5b)
\pgf@pt@x=\dimen295
\pgf@pt@y=\dimen296
\pgf@pt@temp=\dimen297
)
("C:\Users\Dinara Sagatova\AppData\Local\Programs\MiKTeX 2.9\tex/generic/pgf/ba
siclayer\pgfcorequick.code.tex"
File: pgfcorequick.code.tex 2020/01/08 v3.1.5b (3.1.5b)
)
("C:\Users\Dinara Sagatova\AppData\Local\Programs\MiKTeX 2.9\tex/generic/pgf/ba
siclayer\pgfcoreobjects.code.tex"
File: pgfcoreobjects.code.tex 2020/01/08 v3.1.5b (3.1.5b)
)
("C:\Users\Dinara Sagatova\AppData\Local\Programs\MiKTeX 2.9\tex/generic/pgf/ba
siclayer\pgfcorepathprocessing.code.tex"
File: pgfcorepathprocessing.code.tex 2020/01/08 v3.1.5b (3.1.5b)
)
("C:\Users\Dinara Sagatova\AppData\Local\Programs\MiKTeX 2.9\tex/generic/pgf/ba
siclayer\pgfcorearrows.code.tex"
File: pgfcorearrows.code.tex 2020/01/08 v3.1.5b (3.1.5b)
\pgfarrowsep=\dimen298
)
("C:\Users\Dinara Sagatova\AppData\Local\Programs\MiKTeX 2.9\tex/generic/pgf/ba
siclayer\pgfcoreshade.code.tex"
File: pgfcoreshade.code.tex 2020/01/08 v3.1.5b (3.1.5b)
\pgf@max=\dimen299
\pgf@sys@shading@range@num=\count308
\pgf@shadingcount=\count309
)
("C:\Users\Dinara Sagatova\AppData\Local\Programs\MiKTeX 2.9\tex/generic/pgf/ba
siclayer\pgfcoreimage.code.tex"
File: pgfcoreimage.code.tex 2020/01/08 v3.1.5b (3.1.5b)

("C:\Users\Dinara Sagatova\AppData\Local\Programs\MiKTeX 2.9\tex/generic/pgf/ba
siclayer\pgfcoreexternal.code.tex"
File: pgfcoreexternal.code.tex 2020/01/08 v3.1.5b (3.1.5b)
\pgfexternal@startupbox=\box66
))
("C:\Users\Dinara Sagatova\AppData\Local\Programs\MiKTeX 2.9\tex/generic/pgf/ba
siclayer\pgfcorelayers.code.tex"
File: pgfcorelayers.code.tex 2020/01/08 v3.1.5b (3.1.5b)
)
("C:\Users\Dinara Sagatova\AppData\Local\Programs\MiKTeX 2.9\tex/generic/pgf/ba
siclayer\pgfcoretransparency.code.tex"
File: pgfcoretransparency.code.tex 2020/01/08 v3.1.5b (3.1.5b)
)
("C:\Users\Dinara Sagatova\AppData\Local\Programs\MiKTeX 2.9\tex/generic/pgf/ba
siclayer\pgfcorepatterns.code.tex"
File: pgfcorepatterns.code.tex 2020/01/08 v3.1.5b (3.1.5b)
)
("C:\Users\Dinara Sagatova\AppData\Local\Programs\MiKTeX 2.9\tex/generic/pgf/ba
siclayer\pgfcorerdf.code.tex"
File: pgfcorerdf.code.tex 2020/01/08 v3.1.5b (3.1.5b)
)))
("C:\Users\Dinara Sagatova\AppData\Local\Programs\MiKTeX 2.9\tex/generic/pgf/mo
dules\pgfmoduleshapes.code.tex"
File: pgfmoduleshapes.code.tex 2020/01/08 v3.1.5b (3.1.5b)
\pgfnodeparttextbox=\box67
)
("C:\Users\Dinara Sagatova\AppData\Local\Programs\MiKTeX 2.9\tex/generic/pgf/mo
dules\pgfmoduleplot.code.tex"
File: pgfmoduleplot.code.tex 2020/01/08 v3.1.5b (3.1.5b)
)
("C:\Users\Dinara Sagatova\AppData\Local\Programs\MiKTeX 2.9\tex/latex/pgf/comp
atibility\pgfcomp-version-0-65.sty"
Package: pgfcomp-version-0-65 2020/01/08 v3.1.5b (3.1.5b)
\pgf@nodesepstart=\dimen300
\pgf@nodesepend=\dimen301
)
("C:\Users\Dinara Sagatova\AppData\Local\Programs\MiKTeX 2.9\tex/latex/pgf/comp
atibility\pgfcomp-version-1-18.sty"
Package: pgfcomp-version-1-18 2020/01/08 v3.1.5b (3.1.5b)
))
("C:\Users\Dinara Sagatova\AppData\Local\Programs\MiKTeX 2.9\tex/latex/pgf/util
ities\pgffor.sty"
("C:\Users\Dinara Sagatova\AppData\Local\Programs\MiKTeX 2.9\tex/latex/pgf/util
ities\pgfkeys.sty"
("C:\Users\Dinara Sagatova\AppData\Local\Programs\MiKTeX 2.9\tex/generic/pgf/ut
ilities\pgfkeys.code.tex"))
("C:\Users\Dinara Sagatova\AppData\Local\Programs\MiKTeX 2.9\tex/latex/pgf/math
\pgfmath.sty"
("C:\Users\Dinara Sagatova\AppData\Local\Programs\MiKTeX 2.9\tex/generic/pgf/ma
th\pgfmath.code.tex"))
("C:\Users\Dinara Sagatova\AppData\Local\Programs\MiKTeX 2.9\tex/generic/pgf/ut
ilities\pgffor.code.tex"
Package: pgffor 2020/01/08 v3.1.5b (3.1.5b)

("C:\Users\Dinara Sagatova\AppData\Local\Programs\MiKTeX 2.9\tex/generic/pgf/ma
th\pgfmath.code.tex")
\pgffor@iter=\dimen302
\pgffor@skip=\dimen303
\pgffor@stack=\toks41
\pgffor@toks=\toks42
))
("C:\Users\Dinara Sagatova\AppData\Local\Programs\MiKTeX 2.9\tex/generic/pgf/fr
ontendlayer/tikz\tikz.code.tex"
Package: tikz 2020/01/08 v3.1.5b (3.1.5b)

("C:\Users\Dinara Sagatova\AppData\Local\Programs\MiKTeX 2.9\tex/generic/pgf/li
braries\pgflibraryplothandlers.code.tex"
File: pgflibraryplothandlers.code.tex 2020/01/08 v3.1.5b (3.1.5b)
\pgf@plot@mark@count=\count310
\pgfplotmarksize=\dimen304
)
\tikz@lastx=\dimen305
\tikz@lasty=\dimen306
\tikz@lastxsaved=\dimen307
\tikz@lastysaved=\dimen308
\tikz@lastmovetox=\dimen309
\tikz@lastmovetoy=\dimen310
\tikzleveldistance=\dimen311
\tikzsiblingdistance=\dimen312
\tikz@figbox=\box68
\tikz@figbox@bg=\box69
\tikz@tempbox=\box70
\tikz@tempbox@bg=\box71
\tikztreelevel=\count311
\tikznumberofchildren=\count312
\tikznumberofcurrentchild=\count313
\tikz@fig@count=\count314

("C:\Users\Dinara Sagatova\AppData\Local\Programs\MiKTeX 2.9\tex/generic/pgf/mo
dules\pgfmodulematrix.code.tex"
File: pgfmodulematrix.code.tex 2020/01/08 v3.1.5b (3.1.5b)
\pgfmatrixcurrentrow=\count315
\pgfmatrixcurrentcolumn=\count316
\pgf@matrix@numberofcolumns=\count317
)
\tikz@expandcount=\count318

("C:\Users\Dinara Sagatova\AppData\Local\Programs\MiKTeX 2.9\tex/generic/pgf/fr
ontendlayer/tikz/libraries\tikzlibrarytopaths.code.tex"
File: tikzlibrarytopaths.code.tex 2020/01/08 v3.1.5b (3.1.5b)
)))
("C:\Users\Dinara Sagatova\AppData\Local\Programs\MiKTeX 2.9\tex/generic/pgf/fr
ontendlayer/tikz/libraries\tikzlibrarypositioning.code.tex"
File: tikzlibrarypositioning.code.tex 2020/01/08 v3.1.5b (3.1.5b)
)
("C:\Users\Dinara Sagatova\AppData\Local\Programs\MiKTeX 2.9\tex/generic/pgf/fr
ontendlayer/tikz/libraries\tikzlibraryshadows.code.tex"
File: tikzlibraryshadows.code.tex 2020/01/08 v3.1.5b (3.1.5b)

("C:\Users\Dinara Sagatova\AppData\Local\Programs\MiKTeX 2.9\tex/generic/pgf/fr
ontendlayer/tikz/libraries\tikzlibraryfadings.code.tex"
File: tikzlibraryfadings.code.tex 2020/01/08 v3.1.5b (3.1.5b)

("C:\Users\Dinara Sagatova\AppData\Local\Programs\MiKTeX 2.9\tex/generic/pgf/li
braries\pgflibraryfadings.code.tex"
File: pgflibraryfadings.code.tex 2020/01/08 v3.1.5b (3.1.5b)
)))
\c@@todonotes@numberoftodonotes=\count319
)
\c@Changes@AuthorCount=\count320
\c@Changes@Author=\count321
\c@Changes@addedCount=\count322
\c@Changes@deletedCount=\count323
\c@Changes@replacedCount=\count324
\c@Changes@highlightCount=\count325
\c@Changes@commentCount=\count326
\c@authorcommentcount=\count327

("C:\Users\Dinara Sagatova\AppData\Local\Programs\MiKTeX 2.9\tex/latex/truncate
\truncate.sty"
Package: truncate 2001/08/20  ver 3.6
\@Trunc@RestHyph=\toks43
)
\Changes@truncate@width=\skip89
\Changes@summary@width=\skip90
)
("C:\Users\Dinara Sagatova\AppData\Local\Programs\MiKTeX 2.9\tex/latex/lipsum\l
ipsum.sty"
Package: lipsum 2019/01/02 v2.2 150 paragraphs of Lorem Ipsum dummy text

("C:\Users\Dinara Sagatova\AppData\Local\Programs\MiKTeX 2.9\tex/latex/lipsum\l
ipsum.ltd.tex"
File: lipsum.ltd.tex 2019/01/02 v2.2 The Lorem ipsum dummy text
))
\c@Changes@addedCountper=\count328
\c@Changes@deletedCountper=\count329
\c@Changes@replacedCountper=\count330
\c@Changes@highlightCountper=\count331
\c@Changes@commentCountper=\count332

! Undefined control sequence.
<recently read> \setremarkmarkup 
                                 
l.54 \setremarkmarkup
                     {(#2)}
The control sequence at the end of the top line
of your error message was never \def'ed. If you have
misspelled it (e.g., `\hobx'), type `I' and the correct
spelling (e.g., `I\hbox'). Otherwise just continue,
and I'll forget about whatever was undefined.


! LaTeX Error: Missing \begin{document}.

See the LaTeX manual or LaTeX Companion for explanation.
Type  H <return>  for immediate help.
 ...                                              
                                                  
l.54 \setremarkmarkup{(
                       #2)}
You're in trouble here.  Try typing  <return>  to proceed.
If that doesn't work, type  X <return>  to quit.

! You can't use `macro parameter character #' in horizontal mode.
l.54 \setremarkmarkup{(#
                        2)}
Sorry, but I'm not programmed to handle this case;
I'll just pretend that you didn't ask for it.
If you're in the wrong mode, you might be able to
return to the right one by typing `I}' or `I$' or `I\par'.


("C:\Users\Dinara Sagatova\AppData\Local\Programs\MiKTeX 2.9\tex/latex/soul\sou
l.sty"
Package: soul 2003/11/17 v2.4 letterspacing/underlining (mf)
\SOUL@word=\toks44
\SOUL@lasttoken=\toks45
\SOUL@cmds=\toks46
\SOUL@buffer=\toks47
\SOUL@token=\toks48
\SOUL@spaceskip=\skip91
\SOUL@ttwidth=\dimen313
\SOUL@uldp=\dimen314
\SOUL@ulht=\dimen315
) (fin_ni-p.aux)
\openout1 = `fin_ni-p.aux'.

LaTeX Font Info:    Checking defaults for OML/cmm/m/it on input line 57.
LaTeX Font Info:    ... okay on input line 57.
LaTeX Font Info:    Checking defaults for T1/cmr/m/n on input line 57.
LaTeX Font Info:    ... okay on input line 57.
LaTeX Font Info:    Checking defaults for OT1/cmr/m/n on input line 57.
LaTeX Font Info:    ... okay on input line 57.
LaTeX Font Info:    Checking defaults for OMS/cmsy/m/n on input line 57.
LaTeX Font Info:    ... okay on input line 57.
LaTeX Font Info:    Checking defaults for OMX/cmex/m/n on input line 57.
LaTeX Font Info:    ... okay on input line 57.
LaTeX Font Info:    Checking defaults for U/cmr/m/n on input line 57.
LaTeX Font Info:    ... okay on input line 57.
LaTeX Font Info:    Checking defaults for PD1/pdf/m/n on input line 57.
LaTeX Font Info:    ... okay on input line 57.
LaTeX Font Info:    Checking defaults for OT2/cmr/m/n on input line 57.
LaTeX Font Info:    Trying to load font information for OT2+cmr on input line 5
7.

("C:\Users\Dinara Sagatova\AppData\Local\Programs\MiKTeX 2.9\tex/latex/cyrillic
\ot2cmr.fd"
File: ot2cmr.fd 2001/08/11 v3.2c Computer Modern Cyrillic font definitions
)
LaTeX Font Info:    ... okay on input line 57.
LaTeX Font Info:    Checking defaults for T2A/cmr/m/n on input line 57.
LaTeX Font Info:    ... okay on input line 57.
LaTeX Font Info:    Trying to load font information for T2A+bch on input line 5
7.
LaTeX Font Info:    No file T2Abch.fd. on input line 57.


LaTeX Font Warning: Font shape `T2A/bch/m/n' undefined
(Font)              using `T2A/cmr/m/n' instead on input line 57.


Package chemgreek Info: Activating mapping `default' on line 57.


("C:\Users\Dinara Sagatova\AppData\Local\Programs\MiKTeX 2.9\tex/context/base/m
kii\supp-pdf.mkii"
[Loading MPS to PDF converter (version 2006.09.02).]
\scratchcounter=\count333
\scratchdimen=\dimen316
\scratchbox=\box72
\nofMPsegments=\count334
\nofMParguments=\count335
\everyMPshowfont=\toks49
\MPscratchCnt=\count336
\MPscratchDim=\dimen317
\MPnumerator=\count337
\makeMPintoPDFobject=\count338
\everyMPtoPDFconversion=\toks50
)
*geometry* driver: auto-detecting
*geometry* detected driver: pdftex
*geometry* verbose mode - [ preamble ] result:
* driver: pdftex
* paper: <default>
* layout: <same size as paper>
* layoutoffset:(h,v)=(0.0pt,0.0pt)
* modes: twoside 
* h-part:(L,W,R)=(42.67912pt, 528.93675pt, 42.67912pt)
* v-part:(T,H,B)=(50.78827pt, 687.27621pt, 56.9055pt)
* \paperwidth=614.295pt
* \paperheight=794.96999pt
* \textwidth=528.93675pt
* \textheight=687.27621pt
* \oddsidemargin=-29.59087pt
* \evensidemargin=-29.59087pt
* \topmargin=-58.48172pt
* \headheight=12.0pt
* \headsep=25.0pt
* \topskip=9.0pt
* \footskip=30.0pt
* \marginparwidth=48.0pt
* \marginparsep=10.0pt
* \columnsep=10.0pt
* \skip\footins=8.0pt plus 4.0pt minus 2.0pt
* \hoffset=0.0pt
* \voffset=0.0pt
* \mag=1000
* \@twocolumntrue
* \@twosidetrue
* \@mparswitchtrue
* \@reversemarginfalse
* (1in=72.27pt=25.4mm, 1cm=28.453pt)

Package lastpage Info: Please have a look at the pageslts package at
(lastpage)             https://www.ctan.org/pkg/pageslts
(lastpage)             ! on input line 57.
Package caption Info: Begin \AtBeginDocument code.
Package caption Info: float package is loaded.
Package caption Info: hyperref package is loaded.
Package caption Info: longtable package is loaded.

("C:\Users\Dinara Sagatova\AppData\Local\Programs\MiKTeX 2.9\tex/latex/caption\
ltcaption.sty"
Package: ltcaption 2018/08/26 v1.4a longtable captions (AR)
)
Package caption Info: supertabular package is loaded.
Package caption Info: End \AtBeginDocument code.
\AtBeginShipoutBox=\box73
Package hyperref Info: Link coloring OFF on input line 57.

("C:\Users\Dinara Sagatova\AppData\Local\Programs\MiKTeX 2.9\tex/latex/hyperref
\nameref.sty"
Package: nameref 2019/09/16 v2.46 Cross-referencing by name of section

("C:\Users\Dinara Sagatova\AppData\Local\Programs\MiKTeX 2.9\tex/latex/oberdiek
\refcount.sty"
Package: refcount 2016/05/16 v3.5 Data extraction from label references (HO)
)
("C:\Users\Dinara Sagatova\AppData\Local\Programs\MiKTeX 2.9\tex/generic/oberdi
ek\gettitlestring.sty"
Package: gettitlestring 2016/05/16 v1.5 Cleanup title references (HO)
)
\c@section@level=\count339
)
LaTeX Info: Redefining \ref on input line 57.
LaTeX Info: Redefining \pageref on input line 57.
LaTeX Info: Redefining \nameref on input line 57.
 (fin_ni-p.out) (fin_ni-p.out)
\@outlinefile=\write4
\openout4 = `fin_ni-p.out'.


ABD: EveryShipout initializing macros

Package todonotes Warning: The length marginparwidth is less than 2cm and will 
most likely cause issues with the appearance of inserted todonotes. The issue c
an be solved by adding a line like \setlength {\marginparwidth }{2cm} prior to 
loading the todonotes package. on input line 57.

\figrulesep=\skip92


pdfTeX warning: pdflatex.exe (file ./head_foot/LF.pdf): PDF inclusion: found PD
F version <1.6>, but at most version <1.5> allowed
<head_foot/LF.pdf, id=54, 154.53032pt x 8.28976pt>
File: head_foot/LF.pdf Graphic file (type pdf)
<use head_foot/LF.pdf>
Package pdftex.def Info: head_foot/LF.pdf  used on input line 131.
(pdftex.def)             Requested size: 167.78156pt x 9.0pt.
<head_foot/RF.pdf, id=55, 90.45795pt x 7.4679pt>
File: head_foot/RF.pdf Graphic file (type pdf)
<use head_foot/RF.pdf>
Package pdftex.def Info: head_foot/RF.pdf  used on input line 131.
(pdftex.def)             Requested size: 90.4577pt x 7.46786pt.
LaTeX Font Info:    Trying to load font information for T2A+cmss on input line 
131.

("C:\Users\Dinara Sagatova\AppData\Local\Programs\MiKTeX 2.9\tex/latex/cyrillic
\t2acmss.fd"
File: t2acmss.fd 2001/08/11 v1.0a Computer Modern Cyrillic font definitions
) [1

{C:/Users/Dinara Sagatova/AppData/Local/MiKTeX/2.9/pdftex/config/pdftex.map}

 <./head_foot/LF.pdf> <./head_foot/RF.pdf>]
<head_foot/journal_name.pdf, id=87, 227.6505pt x 45.2892pt>
File: head_foot/journal_name.pdf Graphic file (type pdf)
<use head_foot/journal_name.pdf>
Package pdftex.def Info: head_foot/journal_name.pdf  used on input line 169.
(pdftex.def)             Requested size: 150.79515pt x 30.0pt.


pdfTeX warning: pdflatex.exe (file ./head_foot/RSC_LOGO_CMYK.pdf): PDF inclusio
n: found PDF version <1.6>, but at most version <1.5> allowed
<head_foot/RSC_LOGO_CMYK.pdf, id=88, 275.0506pt x 183.22552pt>
File: head_foot/RSC_LOGO_CMYK.pdf Graphic file (type pdf)
<use head_foot/RSC_LOGO_CMYK.pdf>
Package pdftex.def Info: head_foot/RSC_LOGO_CMYK.pdf  used on input line 169.
(pdftex.def)             Requested size: 82.56197pt x 55.0pt.
<head_foot/header_bar.pdf, id=89, 512.91624pt x 36.135pt>
File: head_foot/header_bar.pdf Graphic file (type pdf)
<use head_foot/header_bar.pdf>
Package pdftex.def Info: head_foot/header_bar.pdf  used on input line 169.
(pdftex.def)             Requested size: 526.37598pt x 37.086pt.
LaTeX Font Info:    Trying to load font information for OT1+ztmcm on input line
 169.

("C:\Users\Dinara Sagatova\AppData\Local\Programs\MiKTeX 2.9\tex/latex/psnfss\o
t1ztmcm.fd"
File: ot1ztmcm.fd 2000/01/03 Fontinst v1.801 font definitions for OT1/ztmcm.
)
LaTeX Font Info:    Trying to load font information for OML+ztmcm on input line
 169.

("C:\Users\Dinara Sagatova\AppData\Local\Programs\MiKTeX 2.9\tex/latex/psnfss\o
mlztmcm.fd"
File: omlztmcm.fd 2000/01/03 Fontinst v1.801 font definitions for OML/ztmcm.
)
LaTeX Font Info:    Trying to load font information for OMS+ztmcm on input line
 169.

("C:\Users\Dinara Sagatova\AppData\Local\Programs\MiKTeX 2.9\tex/latex/psnfss\o
msztmcm.fd"
File: omsztmcm.fd 2000/01/03 Fontinst v1.801 font definitions for OMS/ztmcm.
)
LaTeX Font Info:    Trying to load font information for OMX+ztmcm on input line
 169.

("C:\Users\Dinara Sagatova\AppData\Local\Programs\MiKTeX 2.9\tex/latex/psnfss\o
mxztmcm.fd"
File: omxztmcm.fd 2000/01/03 Fontinst v1.801 font definitions for OMX/ztmcm.
)
LaTeX Font Info:    Trying to load font information for OT1+ptm on input line 1
69.

("C:\Users\Dinara Sagatova\AppData\Local\Programs\MiKTeX 2.9\tex/latex/psnfss\o
t1ptm.fd"
File: ot1ptm.fd 2001/06/04 font definitions for OT1/ptm.
)
LaTeX Font Info:    Font shape `OT1/ptm/bx/n' in size <9> not available
(Font)              Font shape `OT1/ptm/b/n' tried instead on input line 169.
LaTeX Font Info:    Font shape `OT1/ptm/bx/n' in size <7> not available
(Font)              Font shape `OT1/ptm/b/n' tried instead on input line 169.
LaTeX Font Info:    Font shape `OT1/ptm/bx/n' in size <5> not available
(Font)              Font shape `OT1/ptm/b/n' tried instead on input line 169.
<head_foot/DOI.pdf, id=90, 118.041pt x 9.8769pt>
File: head_foot/DOI.pdf Graphic file (type pdf)
<use head_foot/DOI.pdf>
Package pdftex.def Info: head_foot/DOI.pdf  used on input line 169.
(pdftex.def)             Requested size: 118.0407pt x 9.87688pt.


LaTeX Font Warning: Font shape `T2A/cmss/m/n' in size <15> not available
(Font)              size <14.4> substituted on input line 169.


LaTeX Font Warning: Font shape `T2A/cmss/b/n' undefined
(Font)              using `T2A/cmss/m/n' instead on input line 169.

LaTeX Font Info:    Font shape `OT1/ptm/bx/n' in size <10> not available
(Font)              Font shape `OT1/ptm/b/n' tried instead on input line 169.
LaTeX Font Info:    Font shape `OT1/ptm/bx/n' in size <7.4> not available
(Font)              Font shape `OT1/ptm/b/n' tried instead on input line 169.
LaTeX Font Info:    Font shape `OT1/ptm/bx/n' in size <6> not available
(Font)              Font shape `OT1/ptm/b/n' tried instead on input line 169.
<head_foot/dates.pdf, id=91, 79.13565pt x 64.19984pt>
File: head_foot/dates.pdf Graphic file (type pdf)
<use head_foot/dates.pdf>
Package pdftex.def Info: head_foot/dates.pdf  used on input line 169.
(pdftex.def)             Requested size: 79.13544pt x 64.19968pt.

Overfull \hbox (7.21284pt too wide) in paragraph at lines 169--169
[][] 
 []


LaTeX Font Warning: Font shape `T2A/bch/b/n' undefined
(Font)              using `T2A/bch/m/n' instead on input line 175.


Package hyperref Warning: Ignoring empty anchor on input line 181.


LaTeX Font Warning: Font shape `T2A/bch/m/it' undefined
(Font)              using `T2A/bch/m/n' instead on input line 181.


Package hyperref Warning: Ignoring empty anchor on input line 182.


Package hyperref Warning: Ignoring empty anchor on input line 183.


Package hyperref Warning: Ignoring empty anchor on input line 184.


Package hyperref Warning: Ignoring empty anchor on input line 185.

LaTeX Font Info:    Font shape `OT1/ptm/bx/n' in size <8> not available
(Font)              Font shape `OT1/ptm/b/n' tried instead on input line 225.

Underfull \vbox (badness 10000) has occurred while \output is active []

File: head_foot/RF.pdf Graphic file (type pdf)
<use head_foot/RF.pdf>
Package pdftex.def Info: head_foot/RF.pdf  used on input line 291.
(pdftex.def)             Requested size: 90.4577pt x 7.46786pt.
File: head_foot/LF.pdf Graphic file (type pdf)
<use head_foot/LF.pdf>
Package pdftex.def Info: head_foot/LF.pdf  used on input line 291.
(pdftex.def)             Requested size: 167.78156pt x 9.0pt.
 [2

 <./head_foot/journal_name.pdf> <./head_foot/RSC_LOGO_CMYK.pdf> <./head_foot/he
ader_bar.pdf> <./head_foot/DOI.pdf> <./head_foot/dates.pdf>]
Underfull \vbox (badness 10000) has occurred while \output is active []


Underfull \vbox (badness 3449) has occurred while \output is active []


Overfull \hbox (273.71552pt too wide) has occurred while \output is active
[][][] 
 []


Overfull \vbox (6.00002pt too high) has occurred while \output is active []

File: head_foot/LF.pdf Graphic file (type pdf)
<use head_foot/LF.pdf>
Package pdftex.def Info: head_foot/LF.pdf  used on input line 321.
(pdftex.def)             Requested size: 167.78156pt x 9.0pt.
File: head_foot/RF.pdf Graphic file (type pdf)
<use head_foot/RF.pdf>
Package pdftex.def Info: head_foot/RF.pdf  used on input line 321.
(pdftex.def)             Requested size: 90.4577pt x 7.46786pt.

[3]

LaTeX Warning: Reference `f:d_disp' on page 4 undefined on input line 364.

<str_ss.pdf, id=221, 337.26pt x 210.7875pt>
File: str_ss.pdf Graphic file (type pdf)
<use str_ss.pdf>
Package pdftex.def Info: str_ss.pdf  used on input line 379.
(pdftex.def)             Requested size: 264.46837pt x 165.29486pt.

Overfull \hbox (9.24713pt too wide) in paragraph at lines 379--383
[][] 
 []

File: head_foot/RF.pdf Graphic file (type pdf)
<use head_foot/RF.pdf>
Package pdftex.def Info: head_foot/RF.pdf  used on input line 392.
(pdftex.def)             Requested size: 90.4577pt x 7.46786pt.
File: head_foot/LF.pdf Graphic file (type pdf)
<use head_foot/LF.pdf>
Package pdftex.def Info: head_foot/LF.pdf  used on input line 392.
(pdftex.def)             Requested size: 167.78156pt x 9.0pt.
[4 <./str_ss.pdf>]
<magmom-uspex.jpg, id=257, 773.289pt x 560.8152pt>
File: magmom-uspex.jpg Graphic file (type jpg)
<use magmom-uspex.jpg>
Package pdftex.def Info: magmom-uspex.jpg  used on input line 395.
(pdftex.def)             Requested size: 238.01991pt x 172.61865pt.
<convex_hull-2.png, id=261, 525.4029pt x 773.289pt>
File: convex_hull-2.png Graphic file (type png)
<use convex_hull-2.png>
Package pdftex.def Info: convex_hull-2.png  used on input line 435.
(pdftex.def)             Requested size: 238.01991pt x 350.32492pt.
<pt_Ni2P_Ni3P.png, id=263, 573.1011pt x 820.2645pt>
File: pt_Ni2P_Ni3P.png Graphic file (type png)
<use pt_Ni2P_Ni3P.png>
Package pdftex.def Info: pt_Ni2P_Ni3P.png  used on input line 444.
(pdftex.def)             Requested size: 238.01991pt x 340.66626pt.


LaTeX Warning: `h' float specifier changed to `ht'.

File: head_foot/LF.pdf Graphic file (type pdf)
<use head_foot/LF.pdf>
Package pdftex.def Info: head_foot/LF.pdf  used on input line 460.
(pdftex.def)             Requested size: 167.78156pt x 9.0pt.
File: head_foot/RF.pdf Graphic file (type pdf)
<use head_foot/RF.pdf>
Package pdftex.def Info: head_foot/RF.pdf  used on input line 460.
(pdftex.def)             Requested size: 90.4577pt x 7.46786pt.
[5 <./magmom-uspex.jpg> <./convex_hull-2.png>]
Underfull \hbox (badness 4967) in paragraph at lines 470--471
\T2A/bch/m/it/9      ,  
 []


Underfull \hbox (badness 3189) in paragraph at lines 470--471
\T2A/bch/m/it/9   ,   
 []

(fin_ni-p.bbl
Underfull \hbox (badness 2460) in paragraph at lines 80--89
[]\T2A/bch/m/it/9 S. N. Britvin, M. N. Murashko, Y. Vap-nik, Y. S.
 []


Underfull \hbox (badness 1577) in paragraph at lines 90--101
[]\T2A/bch/m/it/9 S. N. Britvin, Y. Vap-nik, Y. S. Polekhovsky, S. V.
 []


Underfull \vbox (badness 2103) has occurred while \output is active []



Package balance Warning: You have called \balance in second column
(balance)                Columns might not be balanced.

File: head_foot/RF.pdf Graphic file (type pdf)
<use head_foot/RF.pdf>
Package pdftex.def Info: head_foot/RF.pdf  used on input line 143.
(pdftex.def)             Requested size: 90.4577pt x 7.46786pt.
File: head_foot/LF.pdf Graphic file (type pdf)
<use head_foot/LF.pdf>
Package pdftex.def Info: head_foot/LF.pdf  used on input line 143.
(pdftex.def)             Requested size: 167.78156pt x 9.0pt.
[6 <./pt_Ni2P_Ni3P.png>]
Underfull \hbox (badness 1163) in paragraph at lines 204--211
[]\T2A/bch/m/it/9 P. Dera, J. Nisar, R. Ahuja, S. Tkachev and V. B.
 []


Underfull \vbox (badness 10000) has occurred while \output is active []

)

AED: lastpage setting LastPage

Overfull \vbox (1.12436pt too high) has occurred while \output is active []

File: head_foot/LF.pdf Graphic file (type pdf)
<use head_foot/LF.pdf>
Package pdftex.def Info: head_foot/LF.pdf  used on input line 483.
(pdftex.def)             Requested size: 167.78156pt x 9.0pt.
File: head_foot/RF.pdf Graphic file (type pdf)
<use head_foot/RF.pdf>
Package pdftex.def Info: head_foot/RF.pdf  used on input line 483.
(pdftex.def)             Requested size: 90.4577pt x 7.46786pt.

[7]
\Changes@OutFile=\write5
\openout5 = `fin_ni-p.soc'.

\tf@loc=\write6
\openout6 = `fin_ni-p.loc'.

Package atveryend Info: Empty hook `BeforeClearDocument' on input line 483.
Package atveryend Info: Empty hook `AfterLastShipout' on input line 483.
 (fin_ni-p.aux)
Package atveryend Info: Executing hook `AtVeryEndDocument' on input line 483.
Package atveryend Info: Executing hook `AtEndAfterFileList' on input line 483.
Package rerunfilecheck Info: File `fin_ni-p.out' has not changed.
(rerunfilecheck)             Checksum: 8DF97D6C9A0C80FB1B680725051A917C;373.


LaTeX Font Warning: Size substitutions with differences
(Font)              up to 0.6pt have occurred.


LaTeX Font Warning: Some font shapes were not available, defaults substituted.


LaTeX Warning: There were undefined references.

Package atveryend Info: Empty hook `AtVeryVeryEnd' on input line 483.
 ) 
Here is how much of TeX's memory you used:
 34366 strings out of 492450
 667369 string characters out of 3115332
 910933 words of memory out of 10000000
 38039 multiletter control sequences out of 15000+200000
 583269 words of font info for 120 fonts, out of 3000000 for 9000
 1141 hyphenation exceptions out of 8191
 76i,14n,87p,1108b,550s stack positions out of 5000i,500n,10000p,200000b,50000s
 <C:\Users\Dinara Sagatova\AppData\Local\MiKTeX\2.9\fonts/pk/ljfour/lh/lh-t2a
/dpi600\larm0800.pk> <C:\Users\Dinara Sagatova\AppData\Local\MiKTeX\2.9\fonts/p
k/ljfour/lh/lh-t2a/dpi600\lass0800.pk> <C:\Users\Dinara Sagatova\AppData\Local\
MiKTeX\2.9\fonts/pk/ljfour/lh/lh-t2a/dpi600\larm0700.pk> <C:\Users\Dinara Sagat
ova\AppData\Local\MiKTeX\2.9\fonts/pk/ljfour/lh/lh-t2a/dpi600\lass1200.pk>{C:/U
sers/Dinara Sagatova/AppData/Local/Programs/MiKTeX 2.9/fonts/enc/dvips/base/8r.
enc} <C:\Users\Dinara Sagatova\AppData\Local\MiKTeX\2.9\fonts/pk/ljfour/lh/lh-t
2a/dpi600\lass0900.pk> <C:\Users\Dinara Sagatova\AppData\Local\MiKTeX\2.9\fonts
/pk/ljfour/lh/lh-t2a/dpi600\lass1000.pk> <C:\Users\Dinara Sagatova\AppData\Loca
l\MiKTeX\2.9\fonts/pk/ljfour/lh/lh-t2a/dpi600\lass1440.pk> <C:\Users\Dinara Sag
atova\AppData\Local\MiKTeX\2.9\fonts/pk/ljfour/lh/lh-t2a/dpi600\lass0700.pk> <C
:\Users\Dinara Sagatova\AppData\Local\MiKTeX\2.9\fonts/pk/ljfour/lh/lh-t2a/dpi6
00\larm0900.pk><C:/Users/Dinara Sagatova/AppData/Local/Programs/MiKTeX 2.9/font
s/type1/public/amsfonts/cm/cmmi10.pfb><C:/Users/Dinara Sagatova/AppData/Local/P
rograms/MiKTeX 2.9/fonts/type1/public/amsfonts/cm/cmr10.pfb><C:/Users/Dinara Sa
gatova/AppData/Local/Programs/MiKTeX 2.9/fonts/type1/public/amsfonts/cm/cmsy10.
pfb><C:/Users/Dinara Sagatova/AppData/Local/Programs/MiKTeX 2.9/fonts/type1/urw
/symbol/usyr.pfb><C:/Users/Dinara Sagatova/AppData/Local/Programs/MiKTeX 2.9/fo
nts/type1/urw/symbol/usyr.pfb><C:/Users/Dinara Sagatova/AppData/Local/Programs/
MiKTeX 2.9/fonts/type1/urw/times/utmr8a.pfb><C:/Users/Dinara Sagatova/AppData/L
ocal/Programs/MiKTeX 2.9/fonts/type1/urw/times/utmri8a.pfb>
Output written on fin_ni-p.pdf (7 pages, 2351602 bytes).
PDF statistics:
 814 PDF objects out of 1000 (max. 8388607)
 60 named destinations out of 1000 (max. 500000)
 212 words of extra memory for PDF output out of 10000 (max. 10000000)

